Log file open, 01/05/23 19:22:09
LogWindows: Failed to load 'aqProf.dll' (GetLastError=126)
LogWindows: File 'aqProf.dll' does not exist
LogWindows: Failed to load 'VtuneApi.dll' (GetLastError=126)
LogWindows: File 'VtuneApi.dll' does not exist
LogWindows: Failed to load 'VtuneApi32e.dll' (GetLastError=126)
LogWindows: File 'VtuneApi32e.dll' does not exist
LogConsoleResponse: Display: Failed to find resolution value strings in scalability ini. Falling back to default.
LogConsoleResponse: Display: Failed to find resolution value strings in scalability ini. Falling back to default.
LogPakFile: Display: Found Pak file ../../../ProjectZero/Content/Paks/ProjectZero-WindowsNoEditor.pak attempting to mount.
LogPakFile: Display: Mounting pak file ../../../ProjectZero/Content/Paks/ProjectZero-WindowsNoEditor.pak.
LogPakFile: PakFile PrimaryIndexSize=26630
LogPakFile: PakFile PathHashIndexSize=46253
LogPakFile: PakFile FullDirectoryIndexSize=57151
LogShaderLibrary: Display: ShaderCodeLibraryPakFileMountedCallback: PakFile '../../../ProjectZero/Content/Paks/ProjectZero-WindowsNoEditor.pak' (chunk index -1, root '../../../') mounted
LogShaderLibrary: Display: ShaderCodeLibraryPakFileMountedCallback: pending pak file info (ChunkID:-1 Root:../../../ File:../../../ProjectZero/Content/Paks/ProjectZero-WindowsNoEditor.pak)
LogPakFile: OnPakFileMounted2Time == 0.000047
LogPlatformFile: Not using cached read wrapper
LogTaskGraph: Started task graph with 5 named threads and 26 total threads with 3 sets of task threads.
LogStats: Stats thread started at 0.083310
LogICUInternationalization: ICU TimeZone Detection - Raw Offset: -5:00, Platform Override: ''
LogInit: Display: Loading text-based GConfig....
LogPluginManager: Mounting plugin UE4Duino
LogPluginManager: Mounting plugin SSZCode
LogPluginManager: Mounting plugin BlueprintFileUtils
LogPluginManager: Mounting plugin Paper2D
LogPluginManager: Mounting plugin AISupport
LogPluginManager: Mounting plugin EnvironmentQueryEditor
LogPluginManager: Mounting plugin LightPropagationVolume
LogPluginManager: Mounting plugin CameraShakePreviewer
LogPluginManager: Mounting plugin GameplayCameras
LogPluginManager: Mounting plugin TemplateSequence
LogPluginManager: Mounting plugin LevelSequenceEditor
LogPluginManager: Mounting plugin OodleData
LogPluginManager: Mounting plugin OodleNetwork
LogPluginManager: Mounting plugin AnimationSharing
LogPluginManager: Mounting plugin SignificanceManager
LogPluginManager: Mounting plugin PixWinPlugin
LogPluginManager: Mounting plugin PluginUtils
LogPluginManager: Mounting plugin PropertyAccessEditor
LogPluginManager: Mounting plugin UObjectPlugin
LogPluginManager: Mounting plugin AssetManagerEditor
LogPluginManager: Mounting plugin FacialAnimation
LogPluginManager: Mounting plugin GeometryMode
LogPluginManager: Mounting plugin SpeedTreeImporter
LogPluginManager: Mounting plugin DatasmithContent
LogPluginManager: Mounting plugin VariantManagerContent
LogPluginManager: Mounting plugin AlembicImporter
LogPluginManager: Mounting plugin GeometryCache
LogPluginManager: Mounting plugin AutomationUtils
LogPluginManager: Mounting plugin ScreenshotTools
LogPluginManager: Mounting plugin BackChannel
LogPluginManager: Mounting plugin ChaosClothEditor
LogPluginManager: Mounting plugin ChaosCloth
LogPluginManager: Mounting plugin ChaosEditor
LogPluginManager: Mounting plugin PlanarCut
LogPluginManager: Mounting plugin GeometryProcessing
LogPluginManager: Mounting plugin EditableMesh
LogPluginManager: Mounting plugin GeometryCollectionPlugin
LogPluginManager: Mounting plugin ProceduralMeshComponent
LogPluginManager: Mounting plugin ChaosSolverPlugin
LogPluginManager: Mounting plugin ChaosNiagara
LogPluginManager: Mounting plugin Niagara
LogPluginManager: Mounting plugin PythonScriptPlugin
LogPluginManager: Mounting plugin CharacterAI
LogPluginManager: Mounting plugin MotoSynth
LogPluginManager: Mounting plugin OpenImageDenoise
LogPluginManager: Mounting plugin PlatformCrypto
LogPluginManager: Mounting plugin MagicLeapPassableWorld
LogPluginManager: Mounting plugin MagicLeap
LogPluginManager: Mounting plugin MLSDK
LogPluginManager: Mounting plugin MagicLeapLightEstimation
LogPluginManager: Mounting plugin AvfMedia
LogPluginManager: Mounting plugin ImgMedia
LogPluginManager: Mounting plugin MediaCompositing
LogPluginManager: Mounting plugin WmfMedia
LogPluginManager: Mounting plugin MeshPainting
LogPluginManager: Mounting plugin TcpMessaging
LogPluginManager: Mounting plugin UdpMessaging
LogPluginManager: Mounting plugin ActorSequence
LogPluginManager: Mounting plugin MatineeToLevelSequence
LogPluginManager: Mounting plugin OnlineSubsystemNull
LogPluginManager: Mounting plugin OnlineSubsystem
LogPluginManager: Mounting plugin OnlineSubsystemUtils
LogPluginManager: Mounting plugin LauncherChunkInstaller
LogPluginManager: Mounting plugin ActorLayerUtilities
LogPluginManager: Mounting plugin AndroidPermission
LogPluginManager: Mounting plugin AppleImageUtils
LogPluginManager: Mounting plugin ArchVisCharacter
LogPluginManager: Mounting plugin AssetTags
LogPluginManager: Mounting plugin AudioCapture
LogPluginManager: Mounting plugin CableComponent
LogPluginManager: Mounting plugin ChunkDownloader
LogPluginManager: Mounting plugin CustomMeshComponent
LogPluginManager: Mounting plugin ExampleDeviceProfileSelector
LogPluginManager: Mounting plugin GooglePAD
LogPluginManager: Mounting plugin LocationServicesBPLibrary
LogPluginManager: Mounting plugin MobilePatchingUtils
LogPluginManager: Mounting plugin OculusVR
LogPluginManager: Mounting plugin OpenXREyeTracker
LogPluginManager: Mounting plugin OpenXR
LogPluginManager: Mounting plugin OpenXRHandTracking
LogPluginManager: Mounting plugin LiveLink
LogPluginManager: Mounting plugin Takes
LogPluginManager: Mounting plugin PhysXVehicles
LogPluginManager: Mounting plugin RuntimePhysXCooking
LogPluginManager: Mounting plugin SoundFields
LogPluginManager: Mounting plugin SteamVR
LogPluginManager: Mounting plugin Synthesis
LogPluginManager: Mounting plugin AudioSynesthesia
LogPluginManager: Mounting plugin WebMMoviePlayer
LogPluginManager: Mounting plugin WebMMedia
LogPluginManager: Mounting plugin WindowsMoviePlayer
PixWinPlugin: PIX capture plugin failed to initialize! Check that the process is launched from PIX.
LogLuminAPIImpl: Warning: MLSDK not found.  This likely means the MLSDK environment variable is not set.
LogInit: Using libcurl 7.55.1-DEV
LogInit:  - built for x86_64-pc-win32
LogInit:  - supports SSL with OpenSSL/1.1.1
LogInit:  - supports HTTP deflate (compression) using libz 1.2.8
LogInit:  - other features:
LogInit:      CURL_VERSION_SSL
LogInit:      CURL_VERSION_LIBZ
LogInit:      CURL_VERSION_IPV6
LogInit:      CURL_VERSION_ASYNCHDNS
LogInit:      CURL_VERSION_LARGEFILE
LogInit:      CURL_VERSION_IDN
LogInit:  CurlRequestOptions (configurable via config and command line):
LogInit:  - bVerifyPeer = true  - Libcurl will verify peer certificate
LogInit:  - bUseHttpProxy = false  - Libcurl will NOT use HTTP proxy
LogInit:  - bDontReuseConnections = false  - Libcurl will reuse connections
LogInit:  - MaxHostConnections = 16  - Libcurl will limit the number of connections to a host
LogInit:  - LocalHostAddr = Default
LogInit:  - BufferSize = 65536
LogOnline: OSS: Creating online subsystem instance for: NULL
LogInit: WinSock: version 1.1 (2.2), MaxSocks=32767, MaxUdp=65467
LogOnline: OSS: TryLoadSubsystemAndSetDefault: Loaded subsystem for module [NULL]
LogOculusPluginWrapper: OculusPlugin initialized successfully
LogHMD: Failed initializing OVRPlugin 1.59.0
LogInit: Build: ++UE4+Release-4.27-CL-18319896
LogInit: Engine Version: 4.27.2-18319896+++UE4+Release-4.27
LogInit: Compatible Engine Version: 4.27.0-17155196+++UE4+Release-4.27
LogInit: Net CL: 17155196
LogInit: OS: Windows 10 (Release 2009) (), CPU: Intel(R) Core(TM) i7-9700K CPU @ 3.60GHz, GPU: NVIDIA GeForce RTX 2070
LogInit: Compiled (64-bit): Nov 30 2021 07:26:28
LogInit: Compiled with Visual C++: 19.16.27032.01
LogInit: Build Configuration: Development
LogInit: Branch Name: ++UE4+Release-4.27
LogInit: Command Line: 
LogInit: Base Directory: C:/ProjectZero/.PACKAGED/WindowsNoEditor/ProjectZero/Binaries/Win64/
LogInit: Allocator: binned2
LogInit: Installed Engine Build: 0
LogDevObjectVersion: Number of dev versions registered: 29
LogDevObjectVersion:   Dev-Blueprints (B0D832E4-1F89-4F0D-ACCF-7EB736FD4AA2): 10
LogDevObjectVersion:   Dev-Build (E1C64328-A22C-4D53-A36C-8E866417BD8C): 0
LogDevObjectVersion:   Dev-Core (375EC13C-06E4-48FB-B500-84F0262A717E): 4
LogDevObjectVersion:   Dev-Editor (E4B068ED-F494-42E9-A231-DA0B2E46BB41): 40
LogDevObjectVersion:   Dev-Framework (CFFC743F-43B0-4480-9391-14DF171D2073): 37
LogDevObjectVersion:   Dev-Mobile (B02B49B5-BB20-44E9-A304-32B752E40360): 3
LogDevObjectVersion:   Dev-Networking (A4E4105C-59A1-49B5-A7C5-40C4547EDFEE): 0
LogDevObjectVersion:   Dev-Online (39C831C9-5AE6-47DC-9A44-9C173E1C8E7C): 0
LogDevObjectVersion:   Dev-Physics (78F01B33-EBEA-4F98-B9B4-84EACCB95AA2): 14
LogDevObjectVersion:   Dev-Platform (6631380F-2D4D-43E0-8009-CF276956A95A): 0
LogDevObjectVersion:   Dev-Rendering (12F88B9F-8875-4AFC-A67C-D90C383ABD29): 45
LogDevObjectVersion:   Dev-Sequencer (7B5AE74C-D270-4C10-A958-57980B212A5A): 13
LogDevObjectVersion:   Dev-VR (D7296918-1DD6-4BDD-9DE2-64A83CC13884): 3
LogDevObjectVersion:   Dev-LoadTimes (C2A15278-BFE7-4AFE-6C17-90FF531DF755): 1
LogDevObjectVersion:   Private-Geometry (6EACA3D4-40EC-4CC1-B786-8BED09428FC5): 3
LogDevObjectVersion:   Dev-AnimPhys (29E575DD-E0A3-4627-9D10-D276232CDCEA): 17
LogDevObjectVersion:   Dev-Anim (AF43A65D-7FD3-4947-9873-3E8ED9C1BB05): 15
LogDevObjectVersion:   Dev-ReflectionCapture (6B266CEC-1EC7-4B8F-A30B-E4D90942FC07): 1
LogDevObjectVersion:   Dev-Automation (0DF73D61-A23F-47EA-B727-89E90C41499A): 1
LogDevObjectVersion:   FortniteMain (601D1886-AC64-4F84-AA16-D3DE0DEAC7D6): 47
LogDevObjectVersion:   FortniteRelease (E7086368-6B23-4C58-8439-1B7016265E91): 1
LogDevObjectVersion:   Dev-Enterprise (9DFFBCD6-494F-0158-E221-12823C92A888): 10
LogDevObjectVersion:   Dev-Niagara (F2AED0AC-9AFE-416F-8664-AA7FFA26D6FC): 1
LogDevObjectVersion:   Dev-Destruction (174F1F0B-B4C6-45A5-B13F-2EE8D0FB917D): 10
LogDevObjectVersion:   Dev-Physics-Ext (35F94A83-E258-406C-A318-09F59610247C): 41
LogDevObjectVersion:   Dev-PhysicsMaterial-Chaos (B68FC16E-8B1B-42E2-B453-215C058844FE): 1
LogDevObjectVersion:   Dev-CineCamera (B2E18506-4273-CFC2-A54E-F4BB758BBA07): 1
LogDevObjectVersion:   Dev-VirtualProduction (64F58936-FD1B-42BA-BA96-7289D5D0FA4E): 1
LogDevObjectVersion:   Dev-MediaFramework (6F0ED827-A609-4895-9C91-998D90180EA4): 2
LogInit: Presizing for max 2097152 objects, including 1 objects not considered by GC, pre-allocating 0 bytes for permanent pool.
LogConfig: Applying CVar settings from Section [/Script/Engine.StreamingSettings] File [../../../ProjectZero/Saved/Config/WindowsNoEditor/Engine.ini]
LogConfig: Setting CVar [[s.MinBulkDataSizeForAsyncLoading:131072]]
LogConfig: Setting CVar [[s.AsyncLoadingThreadEnabled:0]]
LogConfig: Setting CVar [[s.EventDrivenLoaderEnabled:1]]
LogConfig: Setting CVar [[s.WarnIfTimeLimitExceeded:0]]
LogConfig: Setting CVar [[s.TimeLimitExceededMultiplier:1.5]]
LogConfig: Setting CVar [[s.TimeLimitExceededMinTime:0.005]]
LogConfig: Setting CVar [[s.UseBackgroundLevelStreaming:1]]
LogConfig: Setting CVar [[s.PriorityAsyncLoadingExtraTime:15.0]]
LogConfig: Setting CVar [[s.LevelStreamingActorsUpdateTimeLimit:5.0]]
LogConfig: Setting CVar [[s.PriorityLevelStreamingActorsUpdateExtraTime:5.0]]
LogConfig: Setting CVar [[s.LevelStreamingComponentsRegistrationGranularity:10]]
LogConfig: Setting CVar [[s.UnregisterComponentsTimeLimit:1.0]]
LogConfig: Setting CVar [[s.LevelStreamingComponentsUnregistrationGranularity:5]]
LogConfig: Setting CVar [[s.FlushStreamingOnExit:1]]
LogStreaming: Display: Async Loading initialized: Event Driven Loader: true, Async Loading Thread: false, Async Post Load: true
LogInit: Object subsystem initialized
LogConfig: Setting CVar [[con.DebugEarlyDefault:1]]
LogConfig: Setting CVar [[r.setres:1280x720]]
LogConfig: Setting CVar [[fx.NiagaraAllowRuntimeScalabilityChanges:1]]
[2023.01.06-00.22.10:043][  0]LogConfig: Setting CVar [[con.DebugEarlyDefault:1]]
[2023.01.06-00.22.10:043][  0]LogConfig: Setting CVar [[r.setres:1280x720]]
[2023.01.06-00.22.10:043][  0]LogConfig: Setting CVar [[fx.NiagaraAllowRuntimeScalabilityChanges:1]]
[2023.01.06-00.22.10:043][  0]LogConfig: Applying CVar settings from Section [/Script/Engine.RendererSettings] File [../../../ProjectZero/Saved/Config/WindowsNoEditor/Engine.ini]
[2023.01.06-00.22.10:043][  0]LogConfig: Setting CVar [[r.GPUCrashDebugging:0]]
[2023.01.06-00.22.10:043][  0]LogConfig: Setting CVar [[r.Mobile.DisableVertexFog:1]]
[2023.01.06-00.22.10:043][  0]LogConfig: Setting CVar [[r.Shadow.CSM.MaxMobileCascades:2]]
[2023.01.06-00.22.10:043][  0]LogConfig: Setting CVar [[r.MobileMSAA:1]]
[2023.01.06-00.22.10:043][  0]LogConfig: Setting CVar [[r.Mobile.AllowDitheredLODTransition:0]]
[2023.01.06-00.22.10:043][  0]LogConfig: Setting CVar [[r.Mobile.AllowSoftwareOcclusion:0]]
[2023.01.06-00.22.10:043][  0]LogConfig: Setting CVar [[r.Mobile.VirtualTextures:0]]
[2023.01.06-00.22.10:043][  0]LogConfig: Setting CVar [[r.DiscardUnusedQuality:0]]
[2023.01.06-00.22.10:043][  0]LogConfig: Setting CVar [[r.AllowOcclusionQueries:1]]
[2023.01.06-00.22.10:043][  0]LogConfig: Setting CVar [[r.MinScreenRadiusForLights:0.030000]]
[2023.01.06-00.22.10:043][  0]LogConfig: Setting CVar [[r.MinScreenRadiusForDepthPrepass:0.030000]]
[2023.01.06-00.22.10:043][  0]LogConfig: Setting CVar [[r.MinScreenRadiusForCSMDepth:0.010000]]
[2023.01.06-00.22.10:043][  0]LogConfig: Setting CVar [[r.PrecomputedVisibilityWarning:0]]
[2023.01.06-00.22.10:043][  0]LogConfig: Setting CVar [[r.TextureStreaming:1]]
[2023.01.06-00.22.10:043][  0]LogConfig: Setting CVar [[Compat.UseDXT5NormalMaps:0]]
[2023.01.06-00.22.10:043][  0]LogConfig: Setting CVar [[r.VirtualTextures:0]]
[2023.01.06-00.22.10:043][  0]LogConfig: Setting CVar [[r.VT.EnableAutoImport:1]]
[2023.01.06-00.22.10:043][  0]LogConfig: Setting CVar [[r.VirtualTexturedLightmaps:0]]
[2023.01.06-00.22.10:043][  0]LogConfig: Setting CVar [[r.VT.TileSize:128]]
[2023.01.06-00.22.10:043][  0]LogConfig: Setting CVar [[r.VT.TileBorderSize:4]]
[2023.01.06-00.22.10:043][  0]LogConfig: Setting CVar [[r.vt.FeedbackFactor:16]]
[2023.01.06-00.22.10:043][  0]LogConfig: Setting CVar [[r.VT.EnableCompressZlib:1]]
[2023.01.06-00.22.10:043][  0]LogConfig: Setting CVar [[r.VT.EnableCompressCrunch:0]]
[2023.01.06-00.22.10:043][  0]LogConfig: Setting CVar [[r.ClearCoatNormal:0]]
[2023.01.06-00.22.10:043][  0]LogConfig: Setting CVar [[r.ReflectionCaptureResolution:128]]
[2023.01.06-00.22.10:043][  0]LogConfig: Setting CVar [[r.Mobile.ReflectionCaptureCompression:0]]
[2023.01.06-00.22.10:043][  0]LogConfig: Setting CVar [[r.ReflectionEnvironmentLightmapMixBasedOnRoughness:1]]
[2023.01.06-00.22.10:043][  0]LogConfig: Setting CVar [[r.ForwardShading:0]]
[2023.01.06-00.22.10:043][  0]LogConfig: Setting CVar [[r.VertexFoggingForOpaque:1]]
[2023.01.06-00.22.10:043][  0]LogConfig: Setting CVar [[r.AllowStaticLighting:1]]
[2023.01.06-00.22.10:043][  0]LogConfig: Setting CVar [[r.NormalMapsForStaticLighting:0]]
[2023.01.06-00.22.10:043][  0]LogConfig: Setting CVar [[r.GenerateMeshDistanceFields:0]]
[2023.01.06-00.22.10:043][  0]LogConfig: Setting CVar [[r.DistanceFieldBuild.EightBit:0]]
[2023.01.06-00.22.10:043][  0]LogConfig: Setting CVar [[r.GenerateLandscapeGIData:0]]
[2023.01.06-00.22.10:043][  0]LogConfig: Setting CVar [[r.DistanceFieldBuild.Compress:0]]
[2023.01.06-00.22.10:043][  0]LogConfig: Setting CVar [[r.TessellationAdaptivePixelsPerTriangle:48.000000]]
[2023.01.06-00.22.10:043][  0]LogConfig: Setting CVar [[r.SeparateTranslucency:1]]
[2023.01.06-00.22.10:043][  0]LogConfig: Setting CVar [[r.TranslucentSortPolicy:0]]
[2023.01.06-00.22.10:043][  0]LogConfig: Setting CVar [[vr.VRS.HMDFixedFoveationLevel:0]]
[2023.01.06-00.22.10:043][  0]LogConfig: Setting CVar [[r.CustomDepth:1]]
[2023.01.06-00.22.10:043][  0]LogConfig: Setting CVar [[r.CustomDepthTemporalAAJitter:1]]
[2023.01.06-00.22.10:043][  0]LogConfig: Setting CVar [[r.PostProcessing.PropagateAlpha:0]]
[2023.01.06-00.22.10:043][  0]LogConfig: Setting CVar [[r.DefaultFeature.Bloom:1]]
[2023.01.06-00.22.10:043][  0]LogConfig: Setting CVar [[r.DefaultFeature.AmbientOcclusion:1]]
[2023.01.06-00.22.10:043][  0]LogConfig: Setting CVar [[r.DefaultFeature.AmbientOcclusionStaticFraction:1]]
[2023.01.06-00.22.10:043][  0]LogConfig: Setting CVar [[r.DefaultFeature.AutoExposure:0]]
[2023.01.06-00.22.10:043][  0]LogConfig: Setting CVar [[r.DefaultFeature.AutoExposure.Method:0]]
[2023.01.06-00.22.10:043][  0]LogConfig: Setting CVar [[r.DefaultFeature.AutoExposure.Bias:1.000000]]
[2023.01.06-00.22.10:043][  0]LogConfig: Setting CVar [[r.DefaultFeature.AutoExposure.ExtendDefaultLuminanceRange:0]]
[2023.01.06-00.22.10:043][  0]LogConfig: Setting CVar [[r.UsePreExposure:1]]
[2023.01.06-00.22.10:043][  0]LogConfig: Setting CVar [[r.EyeAdaptation.EditorOnly:0]]
[2023.01.06-00.22.10:043][  0]LogConfig: Setting CVar [[r.DefaultFeature.MotionBlur:0]]
[2023.01.06-00.22.10:043][  0]LogConfig: Setting CVar [[r.DefaultFeature.LensFlare:0]]
[2023.01.06-00.22.10:043][  0]LogConfig: Setting CVar [[r.TemporalAA.Upsampling:0]]
[2023.01.06-00.22.10:043][  0]LogConfig: Setting CVar [[r.SSGI.Enable:0]]
[2023.01.06-00.22.10:043][  0]LogConfig: Setting CVar [[r.DefaultFeature.AntiAliasing:0]]
[2023.01.06-00.22.10:043][  0]LogConfig: Setting CVar [[r.DefaultFeature.LightUnits:1]]
[2023.01.06-00.22.10:043][  0]LogConfig: Setting CVar [[r.DefaultBackBufferPixelFormat:4]]
[2023.01.06-00.22.10:043][  0]LogConfig: Setting CVar [[r.Shadow.UnbuiltPreviewInGame:1]]
[2023.01.06-00.22.10:043][  0]LogConfig: Setting CVar [[r.StencilForLODDither:0]]
[2023.01.06-00.22.10:044][  0]LogConfig: Setting CVar [[r.EarlyZPass:3]]
[2023.01.06-00.22.10:044][  0]LogConfig: Setting CVar [[r.EarlyZPassOnlyMaterialMasking:0]]
[2023.01.06-00.22.10:044][  0]LogConfig: Setting CVar [[r.DBuffer:1]]
[2023.01.06-00.22.10:044][  0]LogConfig: Setting CVar [[r.ClearSceneMethod:1]]
[2023.01.06-00.22.10:044][  0]LogConfig: Setting CVar [[r.BasePassOutputsVelocity:0]]
[2023.01.06-00.22.10:044][  0]LogConfig: Setting CVar [[r.VertexDeformationOutputsVelocity:0]]
[2023.01.06-00.22.10:044][  0]LogConfig: Setting CVar [[r.SelectiveBasePassOutputs:0]]
[2023.01.06-00.22.10:044][  0]LogConfig: Setting CVar [[fx.GPUSimulationTextureSizeX:1024]]
[2023.01.06-00.22.10:044][  0]LogConfig: Setting CVar [[fx.GPUSimulationTextureSizeY:1024]]
[2023.01.06-00.22.10:044][  0]LogConfig: Setting CVar [[r.AllowGlobalClipPlane:0]]
[2023.01.06-00.22.10:044][  0]LogConfig: Setting CVar [[r.GBufferFormat:1]]
[2023.01.06-00.22.10:044][  0]LogConfig: Setting CVar [[r.MorphTarget.Mode:1]]
[2023.01.06-00.22.10:044][  0]LogConfig: Setting CVar [[vr.InstancedStereo:0]]
[2023.01.06-00.22.10:044][  0]LogConfig: Setting CVar [[r.MobileHDR:1]]
[2023.01.06-00.22.10:044][  0]LogConfig: Setting CVar [[vr.MobileMultiView:0]]
[2023.01.06-00.22.10:044][  0]LogConfig: Setting CVar [[r.Mobile.UseHWsRGBEncoding:0]]
[2023.01.06-00.22.10:044][  0]LogConfig: Setting CVar [[vr.RoundRobinOcclusion:0]]
[2023.01.06-00.22.10:044][  0]LogConfig: Setting CVar [[vr.ODSCapture:0]]
[2023.01.06-00.22.10:044][  0]LogConfig: Setting CVar [[r.MeshStreaming:0]]
[2023.01.06-00.22.10:044][  0]LogConfig: Setting CVar [[r.WireframeCullThreshold:5.000000]]
[2023.01.06-00.22.10:044][  0]LogConfig: Setting CVar [[r.RayTracing:0]]
[2023.01.06-00.22.10:044][  0]LogConfig: Setting CVar [[r.RayTracing.UseTextureLod:0]]
[2023.01.06-00.22.10:044][  0]LogConfig: Setting CVar [[r.SupportStationarySkylight:1]]
[2023.01.06-00.22.10:044][  0]LogConfig: Setting CVar [[r.SupportLowQualityLightmaps:1]]
[2023.01.06-00.22.10:044][  0]LogConfig: Setting CVar [[r.SupportPointLightWholeSceneShadows:1]]
[2023.01.06-00.22.10:044][  0]LogConfig: Setting CVar [[r.SupportAtmosphericFog:1]]
[2023.01.06-00.22.10:044][  0]LogConfig: Setting CVar [[r.SupportSkyAtmosphere:1]]
[2023.01.06-00.22.10:044][  0]LogConfig: Setting CVar [[r.SupportSkyAtmosphereAffectsHeightFog:0]]
[2023.01.06-00.22.10:044][  0]LogConfig: Setting CVar [[r.SkinCache.CompileShaders:0]]
[2023.01.06-00.22.10:044][  0]LogConfig: Setting CVar [[r.SkinCache.DefaultBehavior:1]]
[2023.01.06-00.22.10:044][  0]LogConfig: Setting CVar [[r.SkinCache.SceneMemoryLimitInMB:128.000000]]
[2023.01.06-00.22.10:044][  0]LogConfig: Setting CVar [[r.Mobile.EnableStaticAndCSMShadowReceivers:1]]
[2023.01.06-00.22.10:044][  0]LogConfig: Setting CVar [[r.Mobile.EnableMovableLightCSMShaderCulling:1]]
[2023.01.06-00.22.10:044][  0]LogConfig: Setting CVar [[r.Mobile.AllowDistanceFieldShadows:1]]
[2023.01.06-00.22.10:044][  0]LogConfig: Setting CVar [[r.Mobile.AllowMovableDirectionalLights:1]]
[2023.01.06-00.22.10:044][  0]LogConfig: Setting CVar [[r.MobileNumDynamicPointLights:4]]
[2023.01.06-00.22.10:044][  0]LogConfig: Setting CVar [[r.MobileDynamicPointLightsUseStaticBranch:1]]
[2023.01.06-00.22.10:044][  0]LogConfig: Setting CVar [[r.Mobile.EnableMovableSpotlights:0]]
[2023.01.06-00.22.10:044][  0]LogConfig: Setting CVar [[r.Mobile.EnableMovableSpotlightsShadow:0]]
[2023.01.06-00.22.10:044][  0]LogConfig: Setting CVar [[r.GPUSkin.Support16BitBoneIndex:0]]
[2023.01.06-00.22.10:044][  0]LogConfig: Setting CVar [[r.GPUSkin.Limit2BoneInfluences:0]]
[2023.01.06-00.22.10:044][  0]LogConfig: Setting CVar [[r.SupportDepthOnlyIndexBuffers:1]]
[2023.01.06-00.22.10:044][  0]LogConfig: Setting CVar [[r.SupportReversedIndexBuffers:1]]
[2023.01.06-00.22.10:044][  0]LogConfig: Setting CVar [[r.LightPropagationVolume:0]]
[2023.01.06-00.22.10:044][  0]LogConfig: Setting CVar [[r.Mobile.AmbientOcclusion:0]]
[2023.01.06-00.22.10:044][  0]LogConfig: Setting CVar [[r.GPUSkin.UnlimitedBoneInfluences:0]]
[2023.01.06-00.22.10:044][  0]LogConfig: Setting CVar [[r.GPUSkin.UnlimitedBoneInfluencesThreshold:8]]
[2023.01.06-00.22.10:044][  0]LogConfig: Setting CVar [[r.Mobile.PlanarReflectionMode:0]]
[2023.01.06-00.22.10:044][  0]LogConfig: Setting CVar [[r.Mobile.SupportsGen4TAA:0]]
[2023.01.06-00.22.10:044][  0]LogConfig: Applying CVar settings from Section [/Script/Engine.RendererOverrideSettings] File [../../../ProjectZero/Saved/Config/WindowsNoEditor/Engine.ini]
[2023.01.06-00.22.10:044][  0]LogConfig: Applying CVar settings from Section [/Script/Engine.StreamingSettings] File [../../../ProjectZero/Saved/Config/WindowsNoEditor/Engine.ini]
[2023.01.06-00.22.10:044][  0]LogConfig: Setting CVar [[s.MinBulkDataSizeForAsyncLoading:131072]]
[2023.01.06-00.22.10:044][  0]LogConfig: Setting CVar [[s.AsyncLoadingThreadEnabled:0]]
[2023.01.06-00.22.10:044][  0]LogConfig: Setting CVar [[s.EventDrivenLoaderEnabled:1]]
[2023.01.06-00.22.10:044][  0]LogConfig: Setting CVar [[s.WarnIfTimeLimitExceeded:0]]
[2023.01.06-00.22.10:044][  0]LogConfig: Setting CVar [[s.TimeLimitExceededMultiplier:1.5]]
[2023.01.06-00.22.10:044][  0]LogConfig: Setting CVar [[s.TimeLimitExceededMinTime:0.005]]
[2023.01.06-00.22.10:044][  0]LogConfig: Setting CVar [[s.UseBackgroundLevelStreaming:1]]
[2023.01.06-00.22.10:044][  0]LogConfig: Setting CVar [[s.PriorityAsyncLoadingExtraTime:15.0]]
[2023.01.06-00.22.10:044][  0]LogConfig: Setting CVar [[s.LevelStreamingActorsUpdateTimeLimit:5.0]]
[2023.01.06-00.22.10:044][  0]LogConfig: Setting CVar [[s.PriorityLevelStreamingActorsUpdateExtraTime:5.0]]
[2023.01.06-00.22.10:044][  0]LogConfig: Setting CVar [[s.LevelStreamingComponentsRegistrationGranularity:10]]
[2023.01.06-00.22.10:044][  0]LogConfig: Setting CVar [[s.UnregisterComponentsTimeLimit:1.0]]
[2023.01.06-00.22.10:044][  0]LogConfig: Setting CVar [[s.LevelStreamingComponentsUnregistrationGranularity:5]]
[2023.01.06-00.22.10:044][  0]LogConfig: Setting CVar [[s.FlushStreamingOnExit:1]]
[2023.01.06-00.22.10:044][  0]LogConfig: Applying CVar settings from Section [/Script/Engine.GarbageCollectionSettings] File [../../../ProjectZero/Saved/Config/WindowsNoEditor/Engine.ini]
[2023.01.06-00.22.10:044][  0]LogConfig: Setting CVar [[gc.MaxObjectsNotConsideredByGC:1]]
[2023.01.06-00.22.10:044][  0]LogConfig: Setting CVar [[gc.SizeOfPermanentObjectPool:0]]
[2023.01.06-00.22.10:044][  0]LogConfig: Setting CVar [[gc.FlushStreamingOnGC:0]]
[2023.01.06-00.22.10:044][  0]LogConfig: Setting CVar [[gc.NumRetriesBeforeForcingGC:10]]
[2023.01.06-00.22.10:044][  0]LogConfig: Setting CVar [[gc.AllowParallelGC:1]]
[2023.01.06-00.22.10:044][  0]LogConfig: Setting CVar [[gc.TimeBetweenPurgingPendingKillObjects:61.1]]
[2023.01.06-00.22.10:044][  0]LogConfig: Setting CVar [[gc.MaxObjectsInEditor:25165824]]
[2023.01.06-00.22.10:044][  0]LogConfig: Setting CVar [[gc.IncrementalBeginDestroyEnabled:1]]
[2023.01.06-00.22.10:044][  0]LogConfig: Setting CVar [[gc.CreateGCClusters:1]]
[2023.01.06-00.22.10:044][  0]LogConfig: Setting CVar [[gc.MinGCClusterSize:5]]
[2023.01.06-00.22.10:044][  0]LogConfig: Setting CVar [[gc.ActorClusteringEnabled:0]]
[2023.01.06-00.22.10:044][  0]LogConfig: Setting CVar [[gc.BlueprintClusteringEnabled:0]]
[2023.01.06-00.22.10:044][  0]LogConfig: Setting CVar [[gc.UseDisregardForGCOnDedicatedServers:0]]
[2023.01.06-00.22.10:044][  0]LogConfig: Setting CVar [[gc.MultithreadedDestructionEnabled:1]]
[2023.01.06-00.22.10:044][  0]LogConfig: Applying CVar settings from Section [/Script/Engine.NetworkSettings] File [../../../ProjectZero/Saved/Config/WindowsNoEditor/Engine.ini]
[2023.01.06-00.22.10:059][  0]LogConfig: Applying CVar settings from Section [ViewDistanceQuality@3] File [../../../ProjectZero/Saved/Config/WindowsNoEditor/Scalability.ini]
[2023.01.06-00.22.10:059][  0]LogConfig: Setting CVar [[r.SkeletalMeshLODBias:0]]
[2023.01.06-00.22.10:059][  0]LogConfig: Setting CVar [[r.ViewDistanceScale:1.0]]
[2023.01.06-00.22.10:059][  0]LogConfig: Applying CVar settings from Section [AntiAliasingQuality@3] File [../../../ProjectZero/Saved/Config/WindowsNoEditor/Scalability.ini]
[2023.01.06-00.22.10:059][  0]LogConfig: Setting CVar [[r.PostProcessAAQuality:4]]
[2023.01.06-00.22.10:059][  0]LogConfig: Applying CVar settings from Section [ShadowQuality@3] File [../../../ProjectZero/Saved/Config/WindowsNoEditor/Scalability.ini]
[2023.01.06-00.22.10:059][  0]LogConfig: Setting CVar [[r.LightFunctionQuality:1]]
[2023.01.06-00.22.10:059][  0]LogConfig: Setting CVar [[r.ShadowQuality:5]]
[2023.01.06-00.22.10:059][  0]LogConfig: Setting CVar [[r.Shadow.CSM.MaxCascades:10]]
[2023.01.06-00.22.10:059][  0]LogConfig: Setting CVar [[r.Shadow.MaxResolution:2048]]
[2023.01.06-00.22.10:059][  0]LogConfig: Setting CVar [[r.Shadow.MaxCSMResolution:2048]]
[2023.01.06-00.22.10:059][  0]LogConfig: Setting CVar [[r.Shadow.RadiusThreshold:0.01]]
[2023.01.06-00.22.10:059][  0]LogConfig: Setting CVar [[r.Shadow.DistanceScale:1.0]]
[2023.01.06-00.22.10:059][  0]LogConfig: Setting CVar [[r.Shadow.CSM.TransitionScale:1.0]]
[2023.01.06-00.22.10:059][  0]LogConfig: Setting CVar [[r.Shadow.PreShadowResolutionFactor:1.0]]
[2023.01.06-00.22.10:059][  0]LogConfig: Setting CVar [[r.DistanceFieldShadowing:1]]
[2023.01.06-00.22.10:059][  0]LogConfig: Setting CVar [[r.DistanceFieldAO:1]]
[2023.01.06-00.22.10:059][  0]LogConfig: Setting CVar [[r.AOQuality:2]]
[2023.01.06-00.22.10:059][  0]LogConfig: Setting CVar [[r.VolumetricFog:1]]
[2023.01.06-00.22.10:059][  0]LogConfig: Setting CVar [[r.VolumetricFog.GridPixelSize:8]]
[2023.01.06-00.22.10:059][  0]LogConfig: Setting CVar [[r.VolumetricFog.GridSizeZ:128]]
[2023.01.06-00.22.10:059][  0]LogConfig: Setting CVar [[r.VolumetricFog.HistoryMissSupersampleCount:4]]
[2023.01.06-00.22.10:059][  0]LogConfig: Setting CVar [[r.LightMaxDrawDistanceScale:1]]
[2023.01.06-00.22.10:059][  0]LogConfig: Setting CVar [[r.CapsuleShadows:1]]
[2023.01.06-00.22.10:059][  0]LogConfig: Applying CVar settings from Section [PostProcessQuality@3] File [../../../ProjectZero/Saved/Config/WindowsNoEditor/Scalability.ini]
[2023.01.06-00.22.10:059][  0]LogConfig: Setting CVar [[r.MotionBlurQuality:4]]
[2023.01.06-00.22.10:059][  0]LogConfig: Setting CVar [[r.AmbientOcclusionMipLevelFactor:0.4]]
[2023.01.06-00.22.10:059][  0]LogConfig: Setting CVar [[r.AmbientOcclusionMaxQuality:100]]
[2023.01.06-00.22.10:059][  0]LogConfig: Setting CVar [[r.AmbientOcclusionLevels:-1]]
[2023.01.06-00.22.10:059][  0]LogConfig: Setting CVar [[r.AmbientOcclusionRadiusScale:1.0]]
[2023.01.06-00.22.10:059][  0]LogConfig: Setting CVar [[r.DepthOfFieldQuality:2]]
[2023.01.06-00.22.10:059][  0]LogConfig: Setting CVar [[r.RenderTargetPoolMin:400]]
[2023.01.06-00.22.10:059][  0]LogConfig: Setting CVar [[r.LensFlareQuality:2]]
[2023.01.06-00.22.10:059][  0]LogConfig: Setting CVar [[r.SceneColorFringeQuality:1]]
[2023.01.06-00.22.10:059][  0]LogConfig: Setting CVar [[r.EyeAdaptationQuality:2]]
[2023.01.06-00.22.10:059][  0]LogConfig: Setting CVar [[r.BloomQuality:5]]
[2023.01.06-00.22.10:059][  0]LogConfig: Setting CVar [[r.FastBlurThreshold:100]]
[2023.01.06-00.22.10:059][  0]LogConfig: Setting CVar [[r.Upscale.Quality:3]]
[2023.01.06-00.22.10:059][  0]LogConfig: Setting CVar [[r.Tonemapper.GrainQuantization:1]]
[2023.01.06-00.22.10:059][  0]LogConfig: Setting CVar [[r.LightShaftQuality:1]]
[2023.01.06-00.22.10:059][  0]LogConfig: Setting CVar [[r.Filter.SizeScale:1]]
[2023.01.06-00.22.10:059][  0]LogConfig: Setting CVar [[r.Tonemapper.Quality:5]]
[2023.01.06-00.22.10:059][  0]LogConfig: Setting CVar [[r.DOF.Gather.AccumulatorQuality:1        ; higher gathering accumulator quality]]
[2023.01.06-00.22.10:059][  0]LogConfig: Setting CVar [[r.DOF.Gather.PostfilterMethod:1          ; Median3x3 postfilering method]]
[2023.01.06-00.22.10:059][  0]LogConfig: Setting CVar [[r.DOF.Gather.EnableBokehSettings:0       ; no bokeh simulation when gathering]]
[2023.01.06-00.22.10:059][  0]LogConfig: Setting CVar [[r.DOF.Gather.RingCount:4                 ; medium number of samples when gathering]]
[2023.01.06-00.22.10:059][  0]LogConfig: Setting CVar [[r.DOF.Scatter.ForegroundCompositing:1    ; additive foreground scattering]]
[2023.01.06-00.22.10:059][  0]LogConfig: Setting CVar [[r.DOF.Scatter.BackgroundCompositing:2    ; additive background scattering]]
[2023.01.06-00.22.10:059][  0]LogConfig: Setting CVar [[r.DOF.Scatter.EnableBokehSettings:1      ; bokeh simulation when scattering]]
[2023.01.06-00.22.10:059][  0]LogConfig: Setting CVar [[r.DOF.Scatter.MaxSpriteRatio:0.1         ; only a maximum of 10% of scattered bokeh]]
[2023.01.06-00.22.10:059][  0]LogConfig: Setting CVar [[r.DOF.Recombine.Quality:1                ; cheap slight out of focus]]
[2023.01.06-00.22.10:059][  0]LogConfig: Setting CVar [[r.DOF.Recombine.EnableBokehSettings:0    ; no bokeh simulation on slight out of focus]]
[2023.01.06-00.22.10:059][  0]LogConfig: Setting CVar [[r.DOF.TemporalAAQuality:1                ; more stable temporal accumulation]]
[2023.01.06-00.22.10:059][  0]LogConfig: Setting CVar [[r.DOF.Kernel.MaxForegroundRadius:0.025]]
[2023.01.06-00.22.10:059][  0]LogConfig: Setting CVar [[r.DOF.Kernel.MaxBackgroundRadius:0.025]]
[2023.01.06-00.22.10:059][  0]LogConfig: Applying CVar settings from Section [TextureQuality@3] File [../../../ProjectZero/Saved/Config/WindowsNoEditor/Scalability.ini]
[2023.01.06-00.22.10:059][  0]LogConfig: Setting CVar [[r.Streaming.MipBias:0]]
[2023.01.06-00.22.10:059][  0]LogConfig: Setting CVar [[r.Streaming.AmortizeCPUToGPUCopy:0]]
[2023.01.06-00.22.10:059][  0]LogConfig: Setting CVar [[r.Streaming.MaxNumTexturesToStreamPerFrame:0]]
[2023.01.06-00.22.10:059][  0]LogConfig: Setting CVar [[r.Streaming.Boost:1]]
[2023.01.06-00.22.10:059][  0]LogConfig: Setting CVar [[r.MaxAnisotropy:8]]
[2023.01.06-00.22.10:059][  0]LogConfig: Setting CVar [[r.VT.MaxAnisotropy:8]]
[2023.01.06-00.22.10:059][  0]LogConfig: Setting CVar [[r.Streaming.LimitPoolSizeToVRAM:0]]
[2023.01.06-00.22.10:059][  0]LogConfig: Setting CVar [[r.Streaming.PoolSize:1000]]
[2023.01.06-00.22.10:059][  0]LogConfig: Setting CVar [[r.Streaming.MaxEffectiveScreenSize:0]]
[2023.01.06-00.22.10:059][  0]LogConfig: Applying CVar settings from Section [EffectsQuality@3] File [../../../ProjectZero/Saved/Config/WindowsNoEditor/Scalability.ini]
[2023.01.06-00.22.10:059][  0]LogConfig: Setting CVar [[r.TranslucencyLightingVolumeDim:64]]
[2023.01.06-00.22.10:059][  0]LogConfig: Setting CVar [[r.RefractionQuality:2]]
[2023.01.06-00.22.10:059][  0]LogConfig: Setting CVar [[r.SSR.Quality:3]]
[2023.01.06-00.22.10:059][  0]LogConfig: Setting CVar [[r.SSR.HalfResSceneColor:0]]
[2023.01.06-00.22.10:059][  0]LogConfig: Setting CVar [[r.SceneColorFormat:4]]
[2023.01.06-00.22.10:059][  0]LogConfig: Setting CVar [[r.DetailMode:2]]
[2023.01.06-00.22.10:059][  0]LogConfig: Setting CVar [[r.TranslucencyVolumeBlur:1]]
[2023.01.06-00.22.10:059][  0]LogConfig: Setting CVar [[r.MaterialQualityLevel:1 ; High quality]]
[2023.01.06-00.22.10:059][  0]LogConfig: Setting CVar [[r.AnisotropicMaterials:1]]
[2023.01.06-00.22.10:059][  0]LogConfig: Setting CVar [[r.SSS.Scale:1]]
[2023.01.06-00.22.10:059][  0]LogConfig: Setting CVar [[r.SSS.SampleSet:2]]
[2023.01.06-00.22.10:059][  0]LogConfig: Setting CVar [[r.SSS.Quality:1]]
[2023.01.06-00.22.10:059][  0]LogConfig: Setting CVar [[r.SSS.HalfRes:0]]
[2023.01.06-00.22.10:059][  0]LogConfig: Setting CVar [[r.SSGI.Quality:3]]
[2023.01.06-00.22.10:059][  0]LogConfig: Setting CVar [[r.EmitterSpawnRateScale:1.0]]
[2023.01.06-00.22.10:059][  0]LogConfig: Setting CVar [[r.ParticleLightQuality:2]]
[2023.01.06-00.22.10:059][  0]LogConfig: Setting CVar [[r.SkyAtmosphere.AerialPerspectiveLUT.FastApplyOnOpaque:1 ; Always have FastSkyLUT 1 in this case to avoid wrong sky]]
[2023.01.06-00.22.10:059][  0]LogConfig: Setting CVar [[r.SkyAtmosphere.AerialPerspectiveLUT.SampleCountMaxPerSlice:4]]
[2023.01.06-00.22.10:059][  0]LogConfig: Setting CVar [[r.SkyAtmosphere.AerialPerspectiveLUT.DepthResolution:16.0]]
[2023.01.06-00.22.10:059][  0]LogConfig: Setting CVar [[r.SkyAtmosphere.FastSkyLUT:1]]
[2023.01.06-00.22.10:059][  0]LogConfig: Setting CVar [[r.SkyAtmosphere.FastSkyLUT.SampleCountMin:4.0]]
[2023.01.06-00.22.10:059][  0]LogConfig: Setting CVar [[r.SkyAtmosphere.FastSkyLUT.SampleCountMax:128.0]]
[2023.01.06-00.22.10:060][  0]LogConfig: Setting CVar [[r.SkyAtmosphere.SampleCountMin:4.0]]
[2023.01.06-00.22.10:060][  0]LogConfig: Setting CVar [[r.SkyAtmosphere.SampleCountMax:128.0]]
[2023.01.06-00.22.10:060][  0]LogConfig: Setting CVar [[r.SkyAtmosphere.TransmittanceLUT.UseSmallFormat:0]]
[2023.01.06-00.22.10:060][  0]LogConfig: Setting CVar [[r.SkyAtmosphere.TransmittanceLUT.SampleCount:10.0]]
[2023.01.06-00.22.10:060][  0]LogConfig: Setting CVar [[r.SkyAtmosphere.MultiScatteringLUT.SampleCount:15.0]]
[2023.01.06-00.22.10:060][  0]LogConfig: Setting CVar [[r.SkyLight.RealTimeReflectionCapture:1]]
[2023.01.06-00.22.10:060][  0]LogConfig: Setting CVar [[fx.Niagara.QualityLevel:3]]
[2023.01.06-00.22.10:060][  0]LogConfig: Applying CVar settings from Section [FoliageQuality@3] File [../../../ProjectZero/Saved/Config/WindowsNoEditor/Scalability.ini]
[2023.01.06-00.22.10:060][  0]LogConfig: Setting CVar [[foliage.DensityScale:1.0]]
[2023.01.06-00.22.10:060][  0]LogConfig: Setting CVar [[grass.DensityScale:1.0]]
[2023.01.06-00.22.10:060][  0]LogConfig: Applying CVar settings from Section [ShadingQuality@3] File [../../../ProjectZero/Saved/Config/WindowsNoEditor/Scalability.ini]
[2023.01.06-00.22.10:060][  0]LogConfig: Setting CVar [[r.HairStrands.SkyLighting.IntegrationType:2]]
[2023.01.06-00.22.10:060][  0]LogConfig: Setting CVar [[r.HairStrands.SkyAO.SampleCount:4]]
[2023.01.06-00.22.10:060][  0]LogConfig: Setting CVar [[r.HairStrands.Visibility.MSAA.SamplePerPixel:4]]
[2023.01.06-00.22.10:060][  0]LogInit: Selected Device Profile: [WindowsNoEditor]
[2023.01.06-00.22.10:060][  0]LogInit: Applying CVar settings loaded from the selected device profile: [WindowsNoEditor]
[2023.01.06-00.22.10:060][  0]LogHAL: Display: Platform has ~ 32 GB [34286469120 / 34359738368 / 32], which maps to Largest [LargestMinGB=32, LargerMinGB=12, DefaultMinGB=8, SmallerMinGB=6, SmallestMinGB=0)
[2023.01.06-00.22.10:060][  0]LogInit: Going up to parent DeviceProfile [Windows]
[2023.01.06-00.22.10:060][  0]LogInit: Going up to parent DeviceProfile []
[2023.01.06-00.22.10:060][  0]LogConfig: Applying CVar settings from Section [ViewDistanceQuality@3] File [../../../ProjectZero/Saved/Config/WindowsNoEditor/Scalability.ini]
[2023.01.06-00.22.10:060][  0]LogConfig: Setting CVar [[r.SkeletalMeshLODBias:0]]
[2023.01.06-00.22.10:060][  0]LogConfig: Setting CVar [[r.ViewDistanceScale:1.0]]
[2023.01.06-00.22.10:060][  0]LogConfig: Applying CVar settings from Section [AntiAliasingQuality@3] File [../../../ProjectZero/Saved/Config/WindowsNoEditor/Scalability.ini]
[2023.01.06-00.22.10:060][  0]LogConfig: Setting CVar [[r.PostProcessAAQuality:4]]
[2023.01.06-00.22.10:060][  0]LogConfig: Applying CVar settings from Section [ShadowQuality@3] File [../../../ProjectZero/Saved/Config/WindowsNoEditor/Scalability.ini]
[2023.01.06-00.22.10:060][  0]LogConfig: Setting CVar [[r.LightFunctionQuality:1]]
[2023.01.06-00.22.10:060][  0]LogConfig: Setting CVar [[r.ShadowQuality:5]]
[2023.01.06-00.22.10:060][  0]LogConfig: Setting CVar [[r.Shadow.CSM.MaxCascades:10]]
[2023.01.06-00.22.10:060][  0]LogConfig: Setting CVar [[r.Shadow.MaxResolution:2048]]
[2023.01.06-00.22.10:060][  0]LogConfig: Setting CVar [[r.Shadow.MaxCSMResolution:2048]]
[2023.01.06-00.22.10:060][  0]LogConfig: Setting CVar [[r.Shadow.RadiusThreshold:0.01]]
[2023.01.06-00.22.10:060][  0]LogConfig: Setting CVar [[r.Shadow.DistanceScale:1.0]]
[2023.01.06-00.22.10:060][  0]LogConfig: Setting CVar [[r.Shadow.CSM.TransitionScale:1.0]]
[2023.01.06-00.22.10:060][  0]LogConfig: Setting CVar [[r.Shadow.PreShadowResolutionFactor:1.0]]
[2023.01.06-00.22.10:060][  0]LogConfig: Setting CVar [[r.DistanceFieldShadowing:1]]
[2023.01.06-00.22.10:060][  0]LogConfig: Setting CVar [[r.DistanceFieldAO:1]]
[2023.01.06-00.22.10:060][  0]LogConfig: Setting CVar [[r.AOQuality:2]]
[2023.01.06-00.22.10:060][  0]LogConfig: Setting CVar [[r.VolumetricFog:1]]
[2023.01.06-00.22.10:060][  0]LogConfig: Setting CVar [[r.VolumetricFog.GridPixelSize:8]]
[2023.01.06-00.22.10:060][  0]LogConfig: Setting CVar [[r.VolumetricFog.GridSizeZ:128]]
[2023.01.06-00.22.10:060][  0]LogConfig: Setting CVar [[r.VolumetricFog.HistoryMissSupersampleCount:4]]
[2023.01.06-00.22.10:060][  0]LogConfig: Setting CVar [[r.LightMaxDrawDistanceScale:1]]
[2023.01.06-00.22.10:060][  0]LogConfig: Setting CVar [[r.CapsuleShadows:1]]
[2023.01.06-00.22.10:060][  0]LogConfig: Applying CVar settings from Section [PostProcessQuality@3] File [../../../ProjectZero/Saved/Config/WindowsNoEditor/Scalability.ini]
[2023.01.06-00.22.10:060][  0]LogConfig: Setting CVar [[r.MotionBlurQuality:4]]
[2023.01.06-00.22.10:060][  0]LogConfig: Setting CVar [[r.AmbientOcclusionMipLevelFactor:0.4]]
[2023.01.06-00.22.10:060][  0]LogConfig: Setting CVar [[r.AmbientOcclusionMaxQuality:100]]
[2023.01.06-00.22.10:060][  0]LogConfig: Setting CVar [[r.AmbientOcclusionLevels:-1]]
[2023.01.06-00.22.10:060][  0]LogConfig: Setting CVar [[r.AmbientOcclusionRadiusScale:1.0]]
[2023.01.06-00.22.10:060][  0]LogConfig: Setting CVar [[r.DepthOfFieldQuality:2]]
[2023.01.06-00.22.10:060][  0]LogConfig: Setting CVar [[r.RenderTargetPoolMin:400]]
[2023.01.06-00.22.10:060][  0]LogConfig: Setting CVar [[r.LensFlareQuality:2]]
[2023.01.06-00.22.10:060][  0]LogConfig: Setting CVar [[r.SceneColorFringeQuality:1]]
[2023.01.06-00.22.10:060][  0]LogConfig: Setting CVar [[r.EyeAdaptationQuality:2]]
[2023.01.06-00.22.10:060][  0]LogConfig: Setting CVar [[r.BloomQuality:5]]
[2023.01.06-00.22.10:060][  0]LogConfig: Setting CVar [[r.FastBlurThreshold:100]]
[2023.01.06-00.22.10:060][  0]LogConfig: Setting CVar [[r.Upscale.Quality:3]]
[2023.01.06-00.22.10:060][  0]LogConfig: Setting CVar [[r.Tonemapper.GrainQuantization:1]]
[2023.01.06-00.22.10:060][  0]LogConfig: Setting CVar [[r.LightShaftQuality:1]]
[2023.01.06-00.22.10:060][  0]LogConfig: Setting CVar [[r.Filter.SizeScale:1]]
[2023.01.06-00.22.10:060][  0]LogConfig: Setting CVar [[r.Tonemapper.Quality:5]]
[2023.01.06-00.22.10:060][  0]LogConfig: Setting CVar [[r.DOF.Gather.AccumulatorQuality:1        ; higher gathering accumulator quality]]
[2023.01.06-00.22.10:060][  0]LogConfig: Setting CVar [[r.DOF.Gather.PostfilterMethod:1          ; Median3x3 postfilering method]]
[2023.01.06-00.22.10:060][  0]LogConfig: Setting CVar [[r.DOF.Gather.EnableBokehSettings:0       ; no bokeh simulation when gathering]]
[2023.01.06-00.22.10:060][  0]LogConfig: Setting CVar [[r.DOF.Gather.RingCount:4                 ; medium number of samples when gathering]]
[2023.01.06-00.22.10:060][  0]LogConfig: Setting CVar [[r.DOF.Scatter.ForegroundCompositing:1    ; additive foreground scattering]]
[2023.01.06-00.22.10:060][  0]LogConfig: Setting CVar [[r.DOF.Scatter.BackgroundCompositing:2    ; additive background scattering]]
[2023.01.06-00.22.10:060][  0]LogConfig: Setting CVar [[r.DOF.Scatter.EnableBokehSettings:1      ; bokeh simulation when scattering]]
[2023.01.06-00.22.10:060][  0]LogConfig: Setting CVar [[r.DOF.Scatter.MaxSpriteRatio:0.1         ; only a maximum of 10% of scattered bokeh]]
[2023.01.06-00.22.10:060][  0]LogConfig: Setting CVar [[r.DOF.Recombine.Quality:1                ; cheap slight out of focus]]
[2023.01.06-00.22.10:060][  0]LogConfig: Setting CVar [[r.DOF.Recombine.EnableBokehSettings:0    ; no bokeh simulation on slight out of focus]]
[2023.01.06-00.22.10:060][  0]LogConfig: Setting CVar [[r.DOF.TemporalAAQuality:1                ; more stable temporal accumulation]]
[2023.01.06-00.22.10:060][  0]LogConfig: Setting CVar [[r.DOF.Kernel.MaxForegroundRadius:0.025]]
[2023.01.06-00.22.10:060][  0]LogConfig: Setting CVar [[r.DOF.Kernel.MaxBackgroundRadius:0.025]]
[2023.01.06-00.22.10:060][  0]LogConfig: Applying CVar settings from Section [TextureQuality@3] File [../../../ProjectZero/Saved/Config/WindowsNoEditor/Scalability.ini]
[2023.01.06-00.22.10:060][  0]LogConfig: Setting CVar [[r.Streaming.MipBias:0]]
[2023.01.06-00.22.10:060][  0]LogConfig: Setting CVar [[r.Streaming.AmortizeCPUToGPUCopy:0]]
[2023.01.06-00.22.10:060][  0]LogConfig: Setting CVar [[r.Streaming.MaxNumTexturesToStreamPerFrame:0]]
[2023.01.06-00.22.10:060][  0]LogConfig: Setting CVar [[r.Streaming.Boost:1]]
[2023.01.06-00.22.10:060][  0]LogConfig: Setting CVar [[r.MaxAnisotropy:8]]
[2023.01.06-00.22.10:060][  0]LogConfig: Setting CVar [[r.VT.MaxAnisotropy:8]]
[2023.01.06-00.22.10:060][  0]LogConfig: Setting CVar [[r.Streaming.LimitPoolSizeToVRAM:0]]
[2023.01.06-00.22.10:060][  0]LogConfig: Setting CVar [[r.Streaming.PoolSize:1000]]
[2023.01.06-00.22.10:060][  0]LogConfig: Setting CVar [[r.Streaming.MaxEffectiveScreenSize:0]]
[2023.01.06-00.22.10:060][  0]LogConfig: Applying CVar settings from Section [EffectsQuality@3] File [../../../ProjectZero/Saved/Config/WindowsNoEditor/Scalability.ini]
[2023.01.06-00.22.10:060][  0]LogConfig: Setting CVar [[r.TranslucencyLightingVolumeDim:64]]
[2023.01.06-00.22.10:060][  0]LogConfig: Setting CVar [[r.RefractionQuality:2]]
[2023.01.06-00.22.10:060][  0]LogConfig: Setting CVar [[r.SSR.Quality:3]]
[2023.01.06-00.22.10:060][  0]LogConfig: Setting CVar [[r.SSR.HalfResSceneColor:0]]
[2023.01.06-00.22.10:060][  0]LogConfig: Setting CVar [[r.SceneColorFormat:4]]
[2023.01.06-00.22.10:060][  0]LogConfig: Setting CVar [[r.DetailMode:2]]
[2023.01.06-00.22.10:060][  0]LogConfig: Setting CVar [[r.TranslucencyVolumeBlur:1]]
[2023.01.06-00.22.10:060][  0]LogConfig: Setting CVar [[r.MaterialQualityLevel:1 ; High quality]]
[2023.01.06-00.22.10:060][  0]LogConfig: Setting CVar [[r.AnisotropicMaterials:1]]
[2023.01.06-00.22.10:060][  0]LogConfig: Setting CVar [[r.SSS.Scale:1]]
[2023.01.06-00.22.10:060][  0]LogConfig: Setting CVar [[r.SSS.SampleSet:2]]
[2023.01.06-00.22.10:060][  0]LogConfig: Setting CVar [[r.SSS.Quality:1]]
[2023.01.06-00.22.10:060][  0]LogConfig: Setting CVar [[r.SSS.HalfRes:0]]
[2023.01.06-00.22.10:060][  0]LogConfig: Setting CVar [[r.SSGI.Quality:3]]
[2023.01.06-00.22.10:060][  0]LogConfig: Setting CVar [[r.EmitterSpawnRateScale:1.0]]
[2023.01.06-00.22.10:060][  0]LogConfig: Setting CVar [[r.ParticleLightQuality:2]]
[2023.01.06-00.22.10:060][  0]LogConfig: Setting CVar [[r.SkyAtmosphere.AerialPerspectiveLUT.FastApplyOnOpaque:1 ; Always have FastSkyLUT 1 in this case to avoid wrong sky]]
[2023.01.06-00.22.10:060][  0]LogConfig: Setting CVar [[r.SkyAtmosphere.AerialPerspectiveLUT.SampleCountMaxPerSlice:4]]
[2023.01.06-00.22.10:060][  0]LogConfig: Setting CVar [[r.SkyAtmosphere.AerialPerspectiveLUT.DepthResolution:16.0]]
[2023.01.06-00.22.10:060][  0]LogConfig: Setting CVar [[r.SkyAtmosphere.FastSkyLUT:1]]
[2023.01.06-00.22.10:060][  0]LogConfig: Setting CVar [[r.SkyAtmosphere.FastSkyLUT.SampleCountMin:4.0]]
[2023.01.06-00.22.10:060][  0]LogConfig: Setting CVar [[r.SkyAtmosphere.FastSkyLUT.SampleCountMax:128.0]]
[2023.01.06-00.22.10:061][  0]LogConfig: Setting CVar [[r.SkyAtmosphere.SampleCountMin:4.0]]
[2023.01.06-00.22.10:061][  0]LogConfig: Setting CVar [[r.SkyAtmosphere.SampleCountMax:128.0]]
[2023.01.06-00.22.10:061][  0]LogConfig: Setting CVar [[r.SkyAtmosphere.TransmittanceLUT.UseSmallFormat:0]]
[2023.01.06-00.22.10:061][  0]LogConfig: Setting CVar [[r.SkyAtmosphere.TransmittanceLUT.SampleCount:10.0]]
[2023.01.06-00.22.10:061][  0]LogConfig: Setting CVar [[r.SkyAtmosphere.MultiScatteringLUT.SampleCount:15.0]]
[2023.01.06-00.22.10:061][  0]LogConfig: Setting CVar [[r.SkyLight.RealTimeReflectionCapture:1]]
[2023.01.06-00.22.10:061][  0]LogConfig: Setting CVar [[fx.Niagara.QualityLevel:3]]
[2023.01.06-00.22.10:061][  0]LogConfig: Applying CVar settings from Section [FoliageQuality@3] File [../../../ProjectZero/Saved/Config/WindowsNoEditor/Scalability.ini]
[2023.01.06-00.22.10:061][  0]LogConfig: Setting CVar [[foliage.DensityScale:1.0]]
[2023.01.06-00.22.10:061][  0]LogConfig: Setting CVar [[grass.DensityScale:1.0]]
[2023.01.06-00.22.10:061][  0]LogConfig: Applying CVar settings from Section [ShadingQuality@3] File [../../../ProjectZero/Saved/Config/WindowsNoEditor/Scalability.ini]
[2023.01.06-00.22.10:061][  0]LogConfig: Setting CVar [[r.HairStrands.SkyLighting.IntegrationType:2]]
[2023.01.06-00.22.10:061][  0]LogConfig: Setting CVar [[r.HairStrands.SkyAO.SampleCount:4]]
[2023.01.06-00.22.10:061][  0]LogConfig: Setting CVar [[r.HairStrands.Visibility.MSAA.SamplePerPixel:4]]
[2023.01.06-00.22.10:061][  0]LogConfig: Applying CVar settings from Section [Startup] File [../../../Engine/Config/ConsoleVariables.ini]
[2023.01.06-00.22.10:061][  0]LogConfig: Setting CVar [[net.UseAdaptiveNetUpdateFrequency:0]]
[2023.01.06-00.22.10:061][  0]LogConfig: Setting CVar [[p.chaos.AllowCreatePhysxBodies:1]]
[2023.01.06-00.22.10:061][  0]LogConfig: Setting CVar [[fx.SkipVectorVMBackendOptimizations:1]]
[2023.01.06-00.22.10:061][  0]LogConfig: Applying CVar settings from Section [ConsoleVariables] File [../../../ProjectZero/Saved/Config/WindowsNoEditor/Engine.ini]
[2023.01.06-00.22.10:061][  0]LogInit: Computer: SSZ-CANADA-MAIN
[2023.01.06-00.22.10:061][  0]LogInit: User: Clove
[2023.01.06-00.22.10:061][  0]LogInit: CPU Page size=4096, Cores=8
[2023.01.06-00.22.10:061][  0]LogInit: High frequency timer resolution =10.000000 MHz
[2023.01.06-00.22.10:061][  0]LogMemory: Memory total: Physical=31.9GB (32GB approx)
[2023.01.06-00.22.10:061][  0]LogMemory: Platform Memory Stats for WindowsNoEditor
[2023.01.06-00.22.10:061][  0]LogMemory: Process Physical Memory: 80.25 MB used, 81.50 MB peak
[2023.01.06-00.22.10:061][  0]LogMemory: Process Virtual Memory: 81.93 MB used, 81.93 MB peak
[2023.01.06-00.22.10:061][  0]LogMemory: Physical Memory: 15198.93 MB used,  17499.19 MB free, 32698.12 MB total
[2023.01.06-00.22.10:061][  0]LogMemory: Virtual Memory: 134207336.00 MB used,  10389.48 MB free, 134217728.00 MB total
[2023.01.06-00.22.10:066][  0]LogWindows: WindowsPlatformFeatures enabled
[2023.01.06-00.22.10:202][  0]LogInit: Physics initialised using underlying interface: PhysX
[2023.01.06-00.22.10:202][  0]LogInit: Using OS detected language (en-US).
[2023.01.06-00.22.10:202][  0]LogInit: Using OS detected locale (en-CA).
[2023.01.06-00.22.10:202][  0]LogTextLocalizationManager: No specific localization for 'en-US' exists, so the 'en' localization will be used.
[2023.01.06-00.22.10:223][  0]LogWindowsTextInputMethodSystem: Display: IME system deactivated.
[2023.01.06-00.22.10:241][  0]LogSlate: New Slate User Created.  User Index 0, Is Virtual User: 0
[2023.01.06-00.22.10:241][  0]LogSlate: Slate User Registered.  User Index 0, Is Virtual User: 0
[2023.01.06-00.22.10:283][  0]LogD3D11RHI: Loaded GFSDK_Aftermath_Lib.x64.dll
[2023.01.06-00.22.10:337][  0]LogHMD: Failed to initialize OpenVR with code 108
[2023.01.06-00.22.10:337][  0]LogD3D11RHI: D3D11 min allowed feature level: 11_0
[2023.01.06-00.22.10:337][  0]LogD3D11RHI: D3D11 max allowed feature level: 11_0
[2023.01.06-00.22.10:337][  0]LogD3D11RHI: D3D11 adapters:
[2023.01.06-00.22.10:436][  0]LogD3D11RHI:    0. 'NVIDIA GeForce RTX 2070' (Feature Level 11_0)
[2023.01.06-00.22.10:436][  0]LogD3D11RHI:       8019/0/16349 MB DedicatedVideo/DedicatedSystem/SharedSystem, Outputs:2, VendorId:0x10de
[2023.01.06-00.22.10:438][  0]LogD3D11RHI:    1. 'Microsoft Basic Render Driver' (Feature Level 11_0)
[2023.01.06-00.22.10:438][  0]LogD3D11RHI:       0/0/16349 MB DedicatedVideo/DedicatedSystem/SharedSystem, Outputs:0, VendorId:0x1414
[2023.01.06-00.22.10:438][  0]LogD3D11RHI: Chosen D3D11 Adapter:
[2023.01.06-00.22.10:438][  0]LogD3D11RHI:     Description : NVIDIA GeForce RTX 2070
[2023.01.06-00.22.10:438][  0]LogD3D11RHI:     VendorId    : 10de
[2023.01.06-00.22.10:438][  0]LogD3D11RHI:     DeviceId    : 1f02
[2023.01.06-00.22.10:438][  0]LogD3D11RHI:     SubSysId    : 37c21458
[2023.01.06-00.22.10:438][  0]LogD3D11RHI:     Revision    : 00a1
[2023.01.06-00.22.10:438][  0]LogD3D11RHI:     DedicatedVideoMemory : 8408530944 bytes
[2023.01.06-00.22.10:438][  0]LogD3D11RHI:     DedicatedSystemMemory : 0 bytes
[2023.01.06-00.22.10:438][  0]LogD3D11RHI:     SharedSystemMemory : 17143234560 bytes
[2023.01.06-00.22.10:438][  0]LogD3D11RHI:     AdapterLuid : 0 62455
[2023.01.06-00.22.10:447][  0]LogD3D11RHI: Creating new Direct3DDevice
[2023.01.06-00.22.10:447][  0]LogD3D11RHI:     GPU DeviceId: 0x1f02 (for the marketing name, search the web for "GPU Device Id")
[2023.01.06-00.22.10:447][  0]LogWindows: EnumDisplayDevices:
[2023.01.06-00.22.10:447][  0]LogWindows:    0. 'NVIDIA GeForce RTX 2070' (P:1 D:1)
[2023.01.06-00.22.10:448][  0]LogWindows:    1. 'NVIDIA GeForce RTX 2070' (P:0 D:1)
[2023.01.06-00.22.10:448][  0]LogWindows:    2. 'NVIDIA GeForce RTX 2070' (P:0 D:0)
[2023.01.06-00.22.10:448][  0]LogWindows:    3. 'NVIDIA GeForce RTX 2070' (P:0 D:0)
[2023.01.06-00.22.10:448][  0]LogWindows: DebugString: FoundDriverCount:4 
[2023.01.06-00.22.10:448][  0]LogD3D11RHI:     Adapter Name: NVIDIA GeForce RTX 2070
[2023.01.06-00.22.10:448][  0]LogD3D11RHI:   Driver Version: 527.56 (internal:31.0.15.2756, unified:527.56)
[2023.01.06-00.22.10:448][  0]LogD3D11RHI:      Driver Date: 12-5-2022
[2023.01.06-00.22.10:448][  0]LogRHI: Texture pool is 5613 MB (70% of 8019 MB)
[2023.01.06-00.22.10:448][  0]LogD3D11RHI: Creating D3DDevice using adapter:
[2023.01.06-00.22.10:448][  0]LogD3D11RHI:     Description : NVIDIA GeForce RTX 2070
[2023.01.06-00.22.10:448][  0]LogD3D11RHI:     VendorId    : 10de
[2023.01.06-00.22.10:448][  0]LogD3D11RHI:     DeviceId    : 1f02
[2023.01.06-00.22.10:448][  0]LogD3D11RHI:     SubSysId    : 37c21458
[2023.01.06-00.22.10:448][  0]LogD3D11RHI:     Revision    : 00a1
[2023.01.06-00.22.10:448][  0]LogD3D11RHI:     DedicatedVideoMemory : 8408530944 bytes
[2023.01.06-00.22.10:448][  0]LogD3D11RHI:     DedicatedSystemMemory : 0 bytes
[2023.01.06-00.22.10:448][  0]LogD3D11RHI:     SharedSystemMemory : 17143234560 bytes
[2023.01.06-00.22.10:448][  0]LogD3D11RHI:     AdapterLuid : 0 62455
[2023.01.06-00.22.10:514][  0]LogD3D11RHI: RHI has support for 64 bit atomics
[2023.01.06-00.22.10:514][  0]LogD3D11RHI: Async texture creation enabled
[2023.01.06-00.22.10:514][  0]LogD3D11RHI: Array index from any shader is supported
[2023.01.06-00.22.10:537][  0]LogD3D11RHI: GPU Timing Frequency: 1000.000000 (Debug: 2 2)
[2023.01.06-00.22.10:558][  0]LogRHI: GeForceNow SDK initialized: 1
[2023.01.06-00.22.10:558][  0]LogRendererCore: Ray tracing is disabled. Reason: r.RayTracing=0.
[2023.01.06-00.22.10:560][  0]LogShaderLibrary: Display: Using ../../../ProjectZero/Content/ShaderArchive-Global-PCD3D_SM5.ushaderbytecode for material shader code. Total 1951 unique shaders.
[2023.01.06-00.22.10:560][  0]LogShaderLibrary: Display: Cooked Context: Using Shared Shader Library Global
[2023.01.06-00.22.10:561][  0]LogShaderLibrary: Display: Logical shader library 'Global' has been created, components 1
[2023.01.06-00.22.10:561][  0]LogTemp: Warning: Clearing the OS Cache
[2023.01.06-00.22.10:561][  0]LogODSC: ODSC Thread active.
[2023.01.06-00.22.10:563][  0]LogPakFile: New pak file ../../../ProjectZero/Content/Paks/ProjectZero-WindowsNoEditor.pak added to pak precacher.
[2023.01.06-00.22.10:578][  0]LogSlate: Using FreeType 2.10.0
[2023.01.06-00.22.10:579][  0]LogSlate: SlateFontServices - WITH_FREETYPE: 1, WITH_HARFBUZZ: 1
[2023.01.06-00.22.10:661][  0]LogShaderLibrary: Display: Using ../../../ProjectZero/Content/ShaderArchive-ProjectZero-PCD3D_SM5.ushaderbytecode for material shader code. Total 1472 unique shaders.
[2023.01.06-00.22.10:661][  0]LogShaderLibrary: Display: Cooked Context: Using Shared Shader Library ProjectZero
[2023.01.06-00.22.10:661][  0]LogShaderLibrary: Display: Logical shader library 'ProjectZero' has been created, components 1
[2023.01.06-00.22.10:661][  0]LogRHI: Display: Opened pipeline cache after state change and enqueued 0 of 0 tasks for precompile.
[2023.01.06-00.22.10:661][  0]LogShaderLibrary: Display: Using ../../../ProjectZero/Content/ShaderArchive-ProjectZero-PCD3D_SM5.ushaderbytecode for material shader code. Total 1472 unique shaders.
[2023.01.06-00.22.10:661][  0]LogShaderLibrary: Display: Cooked Context: Using Shared Shader Library ProjectZero
[2023.01.06-00.22.10:661][  0]LogRHI: Display: Opened pipeline cache after state change and enqueued 0 of 0 tasks for precompile.
[2023.01.06-00.22.10:661][  0]LogRHI: Display: Failed to open default shader pipeline cache for ProjectZero using shader platform 0.
[2023.01.06-00.22.10:661][  0]LogRHI: Display: Failed to open default shader pipeline cache for ProjectZero using shader platform 0.
[2023.01.06-00.22.10:661][  0]LogInit: Using OS detected language (en-US).
[2023.01.06-00.22.10:661][  0]LogInit: Using OS detected locale (en-CA).
[2023.01.06-00.22.10:661][  0]LogTextLocalizationManager: No localization for 'en-US' exists, so 'en' will be used for the language.
[2023.01.06-00.22.10:661][  0]LogTextLocalizationManager: No localization for 'en-CA' exists, so 'en' will be used for the locale.
[2023.01.06-00.22.10:661][  0]LogSlate: FontCache flush requested. Reason: Culture for localization was changed
[2023.01.06-00.22.10:661][  0]LogSlate: FontCache flush requested. Reason: Culture for localization was changed
[2023.01.06-00.22.10:662][  0]LogAssetRegistry: FAssetRegistry took 0.0006 seconds to start up
[2023.01.06-00.22.10:724][  0]LogTextLocalizationManager: Compacting localization data took   0.92ms
[2023.01.06-00.22.10:724][  0]LogStreaming: Display: FlushAsyncLoading: 1 QueuedPackages, 0 AsyncPackages
[2023.01.06-00.22.10:724][  0]LogPackageLocalizationCache: Processed 28 localized package path(s) for 1 prioritized culture(s) in 0.000057 seconds
[2023.01.06-00.22.10:729][  0]LogSerialization: Display: AllowBulkDataInIoStore: 'true'
[2023.01.06-00.22.10:729][  0]LogInit: Selected Device Profile: [WindowsNoEditor]
[2023.01.06-00.22.10:729][  0]LogInit: Active device profile: [000001D1201BD240][000001D111A50010 49] WindowsNoEditor
[2023.01.06-00.22.10:729][  0]LogInit: Profiles: [000001D1201BD540][000001D11DA224A0 49] Windows, [000001D1201BD240][000001D111A50010 49] WindowsNoEditor, 
[2023.01.06-00.22.10:755][  0]LogNetVersion: ProjectZero 1.0.0, NetCL: 17155196, EngineNetVer: 17, GameNetVer: 0 (Checksum: 4088056987)
[2023.01.06-00.22.10:787][  0]LogAudioCaptureCore: Display: No Audio Capture implementations found. Audio input will be silent.
[2023.01.06-00.22.10:787][  0]LogAudioCaptureCore: Display: No Audio Capture implementations found. Audio input will be silent.
[2023.01.06-00.22.10:788][  0]LogHMD: PokeAHoleMaterial loaded successfully
[2023.01.06-00.22.10:817][  0]LogMoviePlayer: Initializing movie player
[2023.01.06-00.22.10:817][  0]UE4DuinoLog: Warning: UE4Duino: Log Started
[2023.01.06-00.22.10:817][  0]LogNiagaraDebuggerClient: Niagara Debugger Client Initialized | Session: DDFE9B894835D59CD1BD2BA167B00F81 | Instance: 2587FF194A03E48A92ECAA9C95156C2B (SSZ-CANADA-MAIN-9880).
[2023.01.06-00.22.10:818][  0]LogAndroidPermission: UAndroidPermissionCallbackProxy::GetInstance
[2023.01.06-00.22.10:818][  0]LogOcInput: OculusInput pre-init called
[2023.01.06-00.22.10:821][  0]LogUObjectArray: 15844 objects as part of root set at end of initial load.
[2023.01.06-00.22.10:821][  0]LogUObjectArray: 2 objects are not in the root set, but can never be destroyed because they are in the DisregardForGC set.
[2023.01.06-00.22.10:822][  0]LogUObjectAllocator: 3212136 out of 0 bytes used by permanent object pool.
[2023.01.06-00.22.10:822][  0]LogUObjectArray: CloseDisregardForGC: 15844/15844 objects in disregard for GC pool
[2023.01.06-00.22.10:823][  0]LogEngine: Initializing Engine...
[2023.01.06-00.22.10:884][  0]LogHMD: Failed to initialize OpenVR with code 108
[2023.01.06-00.22.10:985][  0]LogHMD: Optional extension XR_VARJO_quad_views is not available
[2023.01.06-00.22.10:985][  0]LogHMD: Warning: Required extension XR_EXT_eye_gaze_interaction is not available
[2023.01.06-00.22.10:985][  0]LogHMD: Could not enable all required OpenXR extensions for OpenXREyeTracker on current system. This plugin will be loaded but ignored, but will be enabled on a target platform that supports the required extension.
[2023.01.06-00.22.10:986][  0]LogHMD: Failed to get an OpenXR system, result is XR_ERROR_FORM_FACTOR_UNAVAILABLE. Please check that your runtime supports VR headsets.
[2023.01.06-00.22.10:987][  0]LogStats: UGameplayTagsManager::InitializeManager -  0.000 s
[2023.01.06-00.22.11:028][  0]LogInit: Initializing FReadOnlyCVARCache
[2023.01.06-00.22.11:028][  0]LogAudio: Display: Initializing Audio Device Manager...
[2023.01.06-00.22.11:028][  0]LogAudio: Display: Loading Default Audio Settings Objects...
[2023.01.06-00.22.11:028][  0]LogAudio: Display: No default SoundConcurrencyObject specified (or failed to load).
[2023.01.06-00.22.11:028][  0]LogAudio: Display: Audio Device Manager Initialized
[2023.01.06-00.22.11:028][  0]LogAudio: Display: Creating Audio Device:                 Id: 1, Scope: Shared, Realtime: True
[2023.01.06-00.22.11:028][  0]LogAudioMixer: Display: Audio Mixer Platform Settings:
[2023.01.06-00.22.11:028][  0]LogAudioMixer: Display: 	Sample Rate:						  48000
[2023.01.06-00.22.11:028][  0]LogAudioMixer: Display: 	Callback Buffer Frame Size Requested: 1024
[2023.01.06-00.22.11:028][  0]LogAudioMixer: Display: 	Callback Buffer Frame Size To Use:	  1024
[2023.01.06-00.22.11:028][  0]LogAudioMixer: Display: 	Number of buffers to queue:			  2
[2023.01.06-00.22.11:028][  0]LogAudioMixer: Display: 	Max Channels (voices):				  32
[2023.01.06-00.22.11:028][  0]LogAudioMixer: Display: 	Number of Async Source Workers:		  0
[2023.01.06-00.22.11:028][  0]LogAudio: Display: AudioDevice MaxSources: 32
[2023.01.06-00.22.11:029][  0]LogAudio: Display: Audio Spatialization Plugin: None (built-in).
[2023.01.06-00.22.11:029][  0]LogAudio: Display: Audio Reverb Plugin: None (built-in).
[2023.01.06-00.22.11:029][  0]LogAudio: Display: Audio Occlusion Plugin: None (built-in).
[2023.01.06-00.22.11:029][  0]LogAudioMixer: Display: Initializing audio mixer.
[2023.01.06-00.22.11:069][  0]LogAudioDebug: Display: Lib vorbis DLL was dynamically loaded.
[2023.01.06-00.22.11:077][  0]LogAudioMixer: Display: 0: FrontLeft
[2023.01.06-00.22.11:077][  0]LogAudioMixer: Display: 1: FrontRight
[2023.01.06-00.22.11:091][  0]LogAudioMixer: Display: Using Audio Device RTR3261 (NVIDIA High Definition Audio)
[2023.01.06-00.22.11:092][  0]LogAudioMixer: Display: Initializing Sound Submixes...
[2023.01.06-00.22.11:093][  0]LogAudioMixer: Display: Creating Master Submix 'MasterSubmixDefault'
[2023.01.06-00.22.11:093][  0]LogAudioMixer: Display: Creating Master Submix 'MasterReverbSubmixDefault'
[2023.01.06-00.22.11:093][  0]LogAudioMixer: Display: Creating Master Submix 'MasterEQSubmixDefault'
[2023.01.06-00.22.11:094][  0]LogAudioMixer: FMixerPlatformXAudio2::StartAudioStream() called
[2023.01.06-00.22.11:094][  0]LogAudioMixer: Display: Output buffers initialized: Frames=1024, Channels=2, Samples=2048
[2023.01.06-00.22.11:094][  0]LogAudioMixer: Display: Starting AudioMixerPlatformInterface::RunInternal()
[2023.01.06-00.22.11:094][  0]LogAudioMixer: Display: FMixerPlatformXAudio2::SubmitBuffer() called for the first time
[2023.01.06-00.22.11:094][  0]LogInit: FAudioDevice initialized.
[2023.01.06-00.22.11:094][  0]LogNetVersion: Set ProjectVersion to 1.0. Version Checksum will be recalculated on next use.
[2023.01.06-00.22.11:095][  0]LogInit: Texture streaming: Enabled
[2023.01.06-00.22.11:097][  0]LogAudio: Display: Audio Device (ID: 1) registered with world 'Untitled'.
[2023.01.06-00.22.11:097][  0]LogSlate: Updating window title bar state: overlay mode, drag disabled, window buttons hidden, title bar hidden
[2023.01.06-00.22.11:097][  0]LogInit: Display: Game Engine Initialized.
[2023.01.06-00.22.11:098][  0]LogInit: Display: Starting Game.
[2023.01.06-00.22.11:098][  0]LogNet: Browse: /Game/System/Map_Main?Name=Player
[2023.01.06-00.22.11:098][  0]LogLoad: LoadMap: /Game/System/Map_Main?Name=Player
[2023.01.06-00.22.11:098][  0]LogWorld: BeginTearingDown for /Temp/Untitled_0
[2023.01.06-00.22.11:099][  0]LogWorld: UWorld::CleanupWorld for Untitled, bSessionEnded=true, bCleanupResources=true
[2023.01.06-00.22.11:099][  0]LogSlate: InvalidateAllWidgets triggered.  All widgets were invalidated
[2023.01.06-00.22.11:100][  0]LogAudio: Display: Audio Device unregistered from world 'None'.
[2023.01.06-00.22.11:102][  0]LogUObjectHash: Compacting FUObjectHashTables data took   0.53ms
[2023.01.06-00.22.11:114][  0]LogAudio: Display: Audio Device (ID: 1) registered with world 'Map_Main'.
[2023.01.06-00.22.11:115][  0]LogAIModule: Creating AISystem for world Map_Main
[2023.01.06-00.22.11:116][  0]LogLoad: Game class is 'GM_SSZ_C'
[2023.01.06-00.22.11:117][  0]LogWorld: Bringing World /Game/System/Map_Main.Map_Main up for play (max tick rate 0) at 2023.01.05-19.22.11
[2023.01.06-00.22.11:118][  0]LogWorld: Bringing up level for play took: 0.000278
[2023.01.06-00.22.11:124][  0]LogLoad: Took 0.026463 seconds to LoadMap(/Game/System/Map_Main)
[2023.01.06-00.22.11:125][  0]LogSlate: Took 0.000254 seconds to synchronously load lazily loaded font '../../../Engine/Content/EngineFonts/Faces/RobotoBold.ufont' (160K)
[2023.01.06-00.22.11:173][  0]LogSlate: Took 0.000241 seconds to synchronously load lazily loaded font '../../../Engine/Content/Slate/Fonts/Roboto-Regular.ttf' (155K)
[2023.01.06-00.22.11:201][  0]LogRenderer: Reallocating scene render targets to support 3840x1080 Format 10 NumSamples 1 (Frame:1).
[2023.01.06-00.22.11:201][  0]LogRHI: Display: ShaderPipelineCache: Paused Batching. 1
[2023.01.06-00.22.11:201][  0]LogPakFile: AllPaks IndexSizes: DirectoryHashSize=202712, PathHashSize=16, EntriesSize=32752, TotalSize=235480
[2023.01.06-00.22.11:201][  0]LogRHI: Display: ShaderPipelineCache: Resumed Batching. 0
[2023.01.06-00.22.11:201][  0]LogRHI: Display: ShaderPipelineCache: Batching Resumed.
[2023.01.06-00.22.11:201][  0]LogInit: Display: Engine is initialized. Leaving FEngineLoop::Init()
[2023.01.06-00.22.11:201][  0]LogLoad: (Engine Initialization) Total time: 1.97 seconds
[2023.01.06-00.22.11:203][  0]LogContentStreaming: Texture pool size now 1000 MB
[2023.01.06-00.22.11:205][  0]LogSlate: InvalidateAllWidgets triggered.  All widgets were invalidated
[2023.01.06-00.22.11:231][  0]LogSlate: Slate font cache was flushed
[2023.01.06-00.22.11:233][  1]LogSlate: Took 0.000190 seconds to synchronously load lazily loaded font '../../../Engine/Content/Slate/Fonts/Roboto-Regular.ttf' (155K)
[2023.01.06-00.22.11:233][  1]LogSlate: Took 0.000165 seconds to synchronously load lazily loaded font '../../../Engine/Content/EngineFonts/Faces/RobotoBold.ufont' (160K)
[2023.01.06-00.22.15:853][320]LogUObjectHash: Compacting FUObjectHashTables data took   0.52ms
[2023.01.06-00.22.19:447][350]LogWindows: LaunchURL https://paypal.me/mathatter
[2023.01.06-00.22.32:305][552]LogWindows: LaunchURL https://ssz.ca/chat
[2023.01.06-00.22.40:267][388]LogBlueprintUserMessages: [BP_System] SYSTEM IS ACTIVE AND LISTENING ON SERIAL 
PORT 5 FOR A NEW CARD FROM THE SCANNER
[2023.01.06-00.22.42:736][ 28]LogUObjectHash: Compacting FUObjectHashTables data took   0.31ms
[2023.01.06-00.22.43:677][271]Closing by request
[2023.01.06-00.22.43:678][271]LogWindows: FPlatformMisc::RequestExit(0)
[2023.01.06-00.22.43:678][271]LogWindows: FPlatformMisc::RequestExitWithStatus(0, 0)
[2023.01.06-00.22.43:678][271]LogCore: Engine exit requested (reason: Win RequestExit)
[2023.01.06-00.22.43:682][272]LogCore: Engine exit requested (reason: EngineExit() was called; note: exit was already requested)
[2023.01.06-00.22.43:682][272]LogInit: Display: PreExit Game.
[2023.01.06-00.22.43:685][272]LogWorld: BeginTearingDown for /Game/System/Map_Main
[2023.01.06-00.22.43:686][272]LogWorld: UWorld::CleanupWorld for Map_Main, bSessionEnded=true, bCleanupResources=true
[2023.01.06-00.22.43:686][272]LogSlate: InvalidateAllWidgets triggered.  All widgets were invalidated
[2023.01.06-00.22.44:005][272]LogAudio: Display: Beginning Audio Device Manager Shutdown (Module: AudioMixerXAudio2)...
[2023.01.06-00.22.44:005][272]LogAudio: Display: Destroying 1 Remaining Audio Device(s)...
[2023.01.06-00.22.44:005][272]LogAudio: Display: Audio Device unregistered from world 'Map_Main'.
[2023.01.06-00.22.44:029][272]LogAudioMixer: FMixerPlatformXAudio2::StopAudioStream() called
[2023.01.06-00.22.44:029][272]LogAudioMixer: FMixerPlatformXAudio2::StopAudioStream() called
[2023.01.06-00.22.44:033][272]LogAudio: Display: Audio Device Manager Shutdown
[2023.01.06-00.22.44:033][272]LogSlate: Request Window 'Project Zero Project Zero [DEBUGGING] ' being destroyed
[2023.01.06-00.22.44:039][272]LogSlate: Window 'Project Zero Project Zero [DEBUGGING] ' being destroyed
[2023.01.06-00.22.44:040][272]LogWindowsTextInputMethodSystem: Display: IME system deactivated.
[2023.01.06-00.22.44:066][272]LogExit: Preparing to exit.
[2023.01.06-00.22.44:066][272]LogMoviePlayer: Shutting down movie player
[2023.01.06-00.22.44:070][272]LogSlate: Updating window title bar state: overlay mode, drag disabled, window buttons hidden, title bar hidden
[2023.01.06-00.22.44:073][272]LogDemo: Cleaned up 0 splitscreen connections with owner deletion
[2023.01.06-00.22.44:074][272]LogExit: Game engine shut down
[2023.01.06-00.22.44:087][272]LogExit: Object subsystem successfully closed.
[2023.01.06-00.22.44:096][272]LogModuleManager: Shutting down and abandoning module AutomationController (366)
[2023.01.06-00.22.44:096][272]LogModuleManager: Shutting down and abandoning module AutomationWorker (364)
[2023.01.06-00.22.44:096][272]LogModuleManager: Shutting down and abandoning module Voice (362)
[2023.01.06-00.22.44:096][272]LogModuleManager: Shutting down and abandoning module AIModule (360)
[2023.01.06-00.22.44:096][272]LogModuleManager: Shutting down and abandoning module GameplayDebugger (359)
[2023.01.06-00.22.44:096][272]LogModuleManager: Shutting down and abandoning module NavigationSystem (357)
[2023.01.06-00.22.44:096][272]LogModuleManager: Shutting down and abandoning module WebMMediaFactory (354)
[2023.01.06-00.22.44:096][272]LogModuleManager: Shutting down and abandoning module WebMMedia (352)
[2023.01.06-00.22.44:096][272]LogModuleManager: Shutting down and abandoning module OpenXRInput (350)
[2023.01.06-00.22.44:096][272]LogModuleManager: Shutting down and abandoning module OculusMR (348)
[2023.01.06-00.22.44:096][272]LogModuleManager: Shutting down and abandoning module WmfMediaFactory (346)
[2023.01.06-00.22.44:096][272]LogModuleManager: Shutting down and abandoning module OpenExrWrapper (344)
[2023.01.06-00.22.44:096][272]LogModuleManager: Shutting down and abandoning module ImgMediaFactory (342)
[2023.01.06-00.22.44:096][272]LogModuleManager: Shutting down and abandoning module AvfMediaFactory (340)
[2023.01.06-00.22.44:096][272]LogModuleManager: Shutting down and abandoning module CharacterAI (338)
[2023.01.06-00.22.44:096][272]LogModuleManager: Shutting down and abandoning module PlanarCut (336)
[2023.01.06-00.22.44:096][272]LogModuleManager: Shutting down and abandoning module SessionServices (334)
[2023.01.06-00.22.44:096][272]LogModuleManager: Shutting down and abandoning module LiveCoding (332)
[2023.01.06-00.22.44:096][272]LogModuleManager: Shutting down and abandoning module LevelSequence (330)
[2023.01.06-00.22.44:096][272]LogModuleManager: Shutting down and abandoning module MovieSceneTracks (328)
[2023.01.06-00.22.44:096][272]LogModuleManager: Shutting down and abandoning module MovieScene (326)
[2023.01.06-00.22.44:096][272]LogModuleManager: Shutting down and abandoning module StreamingPauseRendering (324)
[2023.01.06-00.22.44:096][272]LogModuleManager: Shutting down and abandoning module AudioMixerXAudio2 (322)
[2023.01.06-00.22.44:096][272]LogModuleManager: Shutting down and abandoning module AudioMixerCore (321)
[2023.01.06-00.22.44:096][272]LogModuleManager: Shutting down and abandoning module ImageWriteQueue (318)
[2023.01.06-00.22.44:097][272]LogModuleManager: Shutting down and abandoning module ProfilerService (316)
[2023.01.06-00.22.44:137][272]LogModuleManager: Shutting down and abandoning module TaskGraph (314)
[2023.01.06-00.22.44:137][272]LogModuleManager: Shutting down and abandoning module Synthesis (312)
[2023.01.06-00.22.44:137][272]LogModuleManager: Shutting down and abandoning module TakeMovieScene (310)
[2023.01.06-00.22.44:137][272]LogModuleManager: Shutting down and abandoning module LiveLinkMovieScene (308)
[2023.01.06-00.22.44:137][272]LogModuleManager: Shutting down and abandoning module LiveLinkComponents (306)
[2023.01.06-00.22.44:137][272]LogModuleManager: Shutting down and abandoning module LiveLink (304)
[2023.01.06-00.22.44:836][272]LogModuleManager: Shutting down and abandoning module OculusInput (302)
[2023.01.06-00.22.44:836][272]LogModuleManager: Shutting down and abandoning module MobilePatchingUtils (300)
[2023.01.06-00.22.44:836][272]LogModuleManager: Shutting down and abandoning module GooglePAD (298)
[2023.01.06-00.22.44:836][272]LogModuleManager: Shutting down and abandoning module CustomMeshComponent (296)
[2023.01.06-00.22.44:836][272]LogModuleManager: Shutting down and abandoning module CableComponent (294)
[2023.01.06-00.22.44:836][272]LogModuleManager: Shutting down and abandoning module AudioCapture (292)
[2023.01.06-00.22.44:836][272]LogModuleManager: Shutting down and abandoning module AudioCaptureRtAudio (291)
[2023.01.06-00.22.44:836][272]LogModuleManager: Shutting down and abandoning module AssetTags (288)
[2023.01.06-00.22.44:836][272]LogModuleManager: Shutting down and abandoning module ArchVisCharacter (286)
[2023.01.06-00.22.44:836][272]LogModuleManager: Shutting down and abandoning module AppleImageUtils (284)
[2023.01.06-00.22.44:836][272]LogModuleManager: Shutting down and abandoning module AndroidPermission (282)
[2023.01.06-00.22.44:836][272]LogModuleManager: Shutting down and abandoning module ActorLayerUtilities (280)
[2023.01.06-00.22.44:836][272]LogModuleManager: Shutting down and abandoning module MediaCompositing (278)
[2023.01.06-00.22.44:836][272]LogModuleManager: Shutting down and abandoning module ImgMedia (276)
[2023.01.06-00.22.44:836][272]LogModuleManager: Shutting down and abandoning module MagicLeapLightEstimation (274)
[2023.01.06-00.22.44:836][272]LogModuleManager: Shutting down and abandoning module MagicLeapHelperVulkan (272)
[2023.01.06-00.22.44:836][272]LogModuleManager: Shutting down and abandoning module MagicLeapHelperOpenGL (270)
[2023.01.06-00.22.44:836][272]LogModuleManager: Shutting down and abandoning module MagicLeapAudio (268)
[2023.01.06-00.22.44:836][272]LogModuleManager: Shutting down and abandoning module MagicLeapSharedWorld (266)
[2023.01.06-00.22.44:836][272]LogModuleManager: Shutting down and abandoning module OpenImageDenoise (264)
[2023.01.06-00.22.44:836][272]LogModuleManager: Shutting down and abandoning module MotoSynth (262)
[2023.01.06-00.22.44:836][272]LogModuleManager: Shutting down and abandoning module ChaosNiagara (260)
[2023.01.06-00.22.44:836][272]LogModuleManager: Shutting down and abandoning module ProceduralMeshComponent (258)
[2023.01.06-00.22.44:836][272]LogModuleManager: Shutting down and abandoning module GeometryCollectionTracks (256)
[2023.01.06-00.22.44:836][272]LogModuleManager: Shutting down and abandoning module EditableMesh (254)
[2023.01.06-00.22.44:836][272]LogModuleManager: Shutting down and abandoning module MeshConversion (252)
[2023.01.06-00.22.44:836][272]LogModuleManager: Shutting down and abandoning module DynamicMesh (250)
[2023.01.06-00.22.44:836][272]LogModuleManager: Shutting down and abandoning module GeometryAlgorithms (248)
[2023.01.06-00.22.44:836][272]LogModuleManager: Shutting down and abandoning module GeometricObjects (246)
[2023.01.06-00.22.44:836][272]LogModuleManager: Shutting down and abandoning module BackChannel (244)
[2023.01.06-00.22.44:836][272]LogModuleManager: Shutting down and abandoning module AutomationUtils (242)
[2023.01.06-00.22.44:836][272]LogModuleManager: Shutting down and abandoning module GeometryCacheTracks (240)
[2023.01.06-00.22.44:836][272]LogModuleManager: Shutting down and abandoning module GeometryCache (238)
[2023.01.06-00.22.44:836][272]LogModuleManager: Shutting down and abandoning module UObjectPlugin (236)
[2023.01.06-00.22.44:836][272]LogModuleManager: Shutting down and abandoning module OodleNetworkHandlerComponent (234)
[2023.01.06-00.22.44:836][272]LogModuleManager: Shutting down and abandoning module TemplateSequence (232)
[2023.01.06-00.22.44:836][272]LogModuleManager: Shutting down and abandoning module BlueprintFileUtils (230)
[2023.01.06-00.22.44:836][272]LogModuleManager: Shutting down and abandoning module ProjectZero (228)
[2023.01.06-00.22.44:836][272]LogModuleManager: Shutting down and abandoning module AudioSynesthesia (226)
[2023.01.06-00.22.44:836][272]LogModuleManager: Shutting down and abandoning module AudioSynesthesiaCore (224)
[2023.01.06-00.22.44:836][272]LogModuleManager: Shutting down and abandoning module SoundFields (222)
[2023.01.06-00.22.44:836][272]LogModuleManager: Shutting down and abandoning module RuntimePhysXCooking (220)
[2023.01.06-00.22.44:836][272]LogModuleManager: Shutting down and abandoning module LocationServicesBPLibrary (216)
[2023.01.06-00.22.44:836][272]LogModuleManager: Shutting down and abandoning module ActorSequence (214)
[2023.01.06-00.22.44:836][272]LogModuleManager: Shutting down and abandoning module UdpMessaging (212)
[2023.01.06-00.22.44:836][272]LogModuleManager: Shutting down and abandoning module TcpMessaging (210)
[2023.01.06-00.22.44:836][272]LogModuleManager: Shutting down and abandoning module ImgMediaEngine (208)
[2023.01.06-00.22.44:836][272]LogModuleManager: Shutting down and abandoning module MagicLeapHandMeshing (206)
[2023.01.06-00.22.44:836][272]LogModuleManager: Shutting down and abandoning module MagicLeapSecureStorage (204)
[2023.01.06-00.22.44:836][272]LogModuleManager: Shutting down and abandoning module MagicLeapPrivileges (202)
[2023.01.06-00.22.44:836][272]LogModuleManager: Shutting down and abandoning module MagicLeapPlanes (200)
[2023.01.06-00.22.44:836][272]LogModuleManager: Shutting down and abandoning module MagicLeapImageTracker (198)
[2023.01.06-00.22.44:836][272]LogModuleManager: Shutting down and abandoning module MagicLeapIdentity (196)
[2023.01.06-00.22.44:836][272]LogModuleManager: Shutting down and abandoning module MagicLeapHandTracking (194)
[2023.01.06-00.22.44:836][272]LogModuleManager: Shutting down and abandoning module MagicLeapEyeTracker (192)
[2023.01.06-00.22.44:836][272]LogModuleManager: Shutting down and abandoning module MagicLeapController (190)
[2023.01.06-00.22.44:836][272]LogModuleManager: Shutting down and abandoning module MagicLeapARPinImpl (188)
[2023.01.06-00.22.44:836][272]LogModuleManager: Shutting down and abandoning module MagicLeapAR (186)
[2023.01.06-00.22.44:836][272]LogModuleManager: Shutting down and abandoning module MagicLeapARPin (184)
[2023.01.06-00.22.44:836][272]LogModuleManager: Shutting down and abandoning module NiagaraAnimNotifies (182)
[2023.01.06-00.22.44:836][272]LogModuleManager: Shutting down and abandoning module Niagara (180)
[2023.01.06-00.22.44:836][272]LogModuleManager: Shutting down and abandoning module SignalProcessing (179)
[2023.01.06-00.22.44:836][272]LogModuleManager: Shutting down and abandoning module NiagaraCore (176)
[2023.01.06-00.22.44:836][272]LogModuleManager: Shutting down and abandoning module FacialAnimation (174)
[2023.01.06-00.22.44:836][272]LogModuleManager: Shutting down and abandoning module SignificanceManager (172)
[2023.01.06-00.22.44:837][272]LogModuleManager: Shutting down and abandoning module AnimationSharing (170)
[2023.01.06-00.22.44:837][272]LogModuleManager: Shutting down and abandoning module GameplayCameras (168)
[2023.01.06-00.22.44:837][272]LogModuleManager: Shutting down and abandoning module LightPropagationVolumeRuntime (166)
[2023.01.06-00.22.44:837][272]LogModuleManager: Shutting down and abandoning module Paper2D (164)
[2023.01.06-00.22.44:837][272]LogModuleManager: Shutting down and abandoning module UE4Duino (162)
[2023.01.06-00.22.44:837][272]UE4DuinoLog: Warning: UE4Duino: Log Ended
[2023.01.06-00.22.44:837][272]LogModuleManager: Shutting down and abandoning module WindowsMoviePlayer (160)
[2023.01.06-00.22.44:837][272]LogModuleManager: Shutting down and abandoning module WebMMoviePlayer (158)
[2023.01.06-00.22.44:837][272]LogModuleManager: Shutting down and abandoning module SSZCode (156)
[2023.01.06-00.22.44:837][272]LogModuleManager: Shutting down and abandoning module NetworkReplayStreaming (154)
[2023.01.06-00.22.44:837][272]LogModuleManager: Shutting down and abandoning module PacketHandler (152)
[2023.01.06-00.22.44:837][272]LogModuleManager: Shutting down and abandoning module ClothingSystemRuntimeNv (150)
[2023.01.06-00.22.44:837][272]LogModuleManager: Shutting down and abandoning module MediaAssets (148)
[2023.01.06-00.22.44:837][272]LogModuleManager: Shutting down and abandoning module Overlay (146)
[2023.01.06-00.22.44:837][272]LogModuleManager: Shutting down and abandoning module FunctionalTesting (144)
[2023.01.06-00.22.44:837][272]LogModuleManager: Shutting down and abandoning module MessageLog (142)
[2023.01.06-00.22.44:837][272]LogModuleManager: Shutting down and abandoning module UMG (140)
[2023.01.06-00.22.44:837][272]LogModuleManager: Shutting down and abandoning module SlateReflector (138)
[2023.01.06-00.22.44:837][272]LogModuleManager: Shutting down and abandoning module Slate (136)
[2023.01.06-00.22.44:837][272]LogModuleManager: Shutting down and abandoning module SlateCore (134)
[2023.01.06-00.22.44:838][272]LogModuleManager: Shutting down and abandoning module MRMesh (132)
[2023.01.06-00.22.44:838][272]LogModuleManager: Shutting down and abandoning module Messaging (130)
[2023.01.06-00.22.44:838][272]LogModuleManager: Shutting down and abandoning module HeadMountedDisplay (128)
[2023.01.06-00.22.44:838][272]LogModuleManager: Shutting down and abandoning module XAudio2 (126)
[2023.01.06-00.22.44:838][272]LogModuleManager: Shutting down and abandoning module Networking (124)
[2023.01.06-00.22.44:838][272]LogModuleManager: Shutting down and abandoning module Core (122)
[2023.01.06-00.22.44:838][272]LogModuleManager: Shutting down and abandoning module FieldSystemEngine (120)
[2023.01.06-00.22.44:838][272]LogModuleManager: Shutting down and abandoning module ImageWrapper (116)
[2023.01.06-00.22.44:838][272]LogModuleManager: Shutting down and abandoning module D3D11RHI (114)
[2023.01.06-00.22.44:838][272]LogModuleManager: Shutting down and abandoning module InputCore (112)
[2023.01.06-00.22.44:838][272]LogModuleManager: Shutting down and abandoning module Settings (110)
[2023.01.06-00.22.44:838][272]LogModuleManager: Shutting down and abandoning module PhysXCooking (108)
[2023.01.06-00.22.44:838][272]LogModuleManager: Shutting down and abandoning module Chaos (106)
[2023.01.06-00.22.44:838][272]LogModuleManager: Shutting down and abandoning module WindowsPlatformFeatures (104)
[2023.01.06-00.22.44:838][272]LogModuleManager: Shutting down and abandoning module GameplayMediaEncoder (103)
[2023.01.06-00.22.44:838][272]LogModuleManager: Shutting down and abandoning module AVEncoder (102)
[2023.01.06-00.22.44:838][272]LogModuleManager: Shutting down and abandoning module SteamVRInputDevice (98)
[2023.01.06-00.22.44:838][272]LogModuleManager: Shutting down and abandoning module SteamVRInput (96)
[2023.01.06-00.22.44:838][272]LogModuleManager: Shutting down and abandoning module SteamVR (94)
[2023.01.06-00.22.44:838][272]LogHMD: Freeing OpenVRDLLHandle.
[2023.01.06-00.22.44:838][272]LogModuleManager: Shutting down and abandoning module OpenXRHandTracking (92)
[2023.01.06-00.22.44:838][272]LogSlate: Slate User Destroyed.  User Index 0, Is Virtual User: 0
[2023.01.06-00.22.44:838][272]LogModuleManager: Shutting down and abandoning module OpenXRAR (90)
[2023.01.06-00.22.44:838][272]LogModuleManager: Shutting down and abandoning module AugmentedReality (89)
[2023.01.06-00.22.44:838][272]LogModuleManager: Shutting down and abandoning module OpenXRHMD (86)
[2023.01.06-00.22.44:839][272]LogModuleManager: Shutting down and abandoning module OpenXREyeTracker (84)
[2023.01.06-00.22.44:839][272]LogModuleManager: Shutting down and abandoning module OculusHMD (82)
[2023.01.06-00.22.44:839][272]LogModuleManager: Shutting down and abandoning module ExampleDeviceProfileSelector (80)
[2023.01.06-00.22.44:839][272]LogModuleManager: Shutting down and abandoning module ChunkDownloader (78)
[2023.01.06-00.22.44:839][272]LogModuleManager: Shutting down and abandoning module LauncherChunkInstaller (76)
[2023.01.06-00.22.44:839][272]LogModuleManager: Shutting down and abandoning module OnlineSubsystem (72)
[2023.01.06-00.22.44:840][272]LogModuleManager: Shutting down and abandoning module HTTP (67)
[2023.01.06-00.22.44:840][272]LogHttp: Display: cleaning up 0 outstanding Http requests.
[2023.01.06-00.22.44:871][272]LogModuleManager: Shutting down and abandoning module SSL (66)
[2023.01.06-00.22.44:871][272]LogModuleManager: Shutting down and abandoning module WmfMedia (62)
[2023.01.06-00.22.44:871][272]LogModuleManager: Shutting down and abandoning module Media (61)
[2023.01.06-00.22.44:871][272]LogModuleManager: Shutting down and abandoning module MediaInfo (60)
[2023.01.06-00.22.44:871][272]LogModuleManager: Shutting down and abandoning module ExrReaderGpu (56)
[2023.01.06-00.22.44:871][272]LogModuleManager: Shutting down and abandoning module MLSDK (54)
[2023.01.06-00.22.44:871][272]LogModuleManager: Shutting down and abandoning module MagicLeap (52)
[2023.01.06-00.22.44:871][272]LogModuleManager: Shutting down and abandoning module NiagaraVertexFactories (50)
[2023.01.06-00.22.44:871][272]LogModuleManager: Shutting down and abandoning module NiagaraShader (48)
[2023.01.06-00.22.44:871][272]LogModuleManager: Shutting down and abandoning module ChaosCloth (46)
[2023.01.06-00.22.44:872][272]LogModuleManager: Shutting down and abandoning module VariantManagerContent (44)
[2023.01.06-00.22.44:872][272]LogModuleManager: Shutting down and abandoning module DatasmithContent (42)
[2023.01.06-00.22.44:872][272]LogModuleManager: Shutting down and abandoning module PixWinPlugin (40)
[2023.01.06-00.22.44:872][272]LogModuleManager: Shutting down and abandoning module AISupportModule (38)
[2023.01.06-00.22.44:872][272]LogModuleManager: Shutting down and abandoning module PlatformCryptoOpenSSL (36)
[2023.01.06-00.22.44:872][272]LogModuleManager: Shutting down and abandoning module PlatformCryptoTypes (34)
[2023.01.06-00.22.44:872][272]LogModuleManager: Shutting down and abandoning module PlatformCrypto (32)
[2023.01.06-00.22.44:872][272]LogModuleManager: Shutting down and abandoning module PythonScriptPluginPreload (30)
[2023.01.06-00.22.44:872][272]LogModuleManager: Shutting down and abandoning module OodleDataCompressionFormat (28)
[2023.01.06-00.22.44:872][272]LogModuleManager: Shutting down and abandoning module RenderCore (26)
[2023.01.06-00.22.44:872][272]LogModuleManager: Shutting down and abandoning module Landscape (24)
[2023.01.06-00.22.44:872][272]LogModuleManager: Shutting down and abandoning module SlateRHIRenderer (22)
[2023.01.06-00.22.44:872][272]LogModuleManager: Shutting down and abandoning module AnimGraphRuntime (20)
[2023.01.06-00.22.44:872][272]LogModuleManager: Shutting down and abandoning module Renderer (18)
[2023.01.06-00.22.44:872][272]LogModuleManager: Shutting down and abandoning module Engine (16)
[2023.01.06-00.22.44:872][272]LogModuleManager: Shutting down and abandoning module CoreUObject (14)
[2023.01.06-00.22.44:872][272]LogModuleManager: Shutting down and abandoning module NetworkFile (12)
[2023.01.06-00.22.44:872][272]LogModuleManager: Shutting down and abandoning module CookedIterativeFile (10)
[2023.01.06-00.22.44:872][272]LogModuleManager: Shutting down and abandoning module StreamingFile (8)
[2023.01.06-00.22.44:872][272]LogModuleManager: Shutting down and abandoning module SandboxFile (6)
[2023.01.06-00.22.44:872][272]LogModuleManager: Shutting down and abandoning module PakFile (4)
[2023.01.06-00.22.44:873][272]LogModuleManager: Shutting down and abandoning module RSA (3)
[2023.01.06-00.22.44:873][272]LogContentStreaming: Display: There are 1 unreleased StreamingManagers
[2023.01.06-00.22.44:875][272]LogD3D11RHI: Shutdown
[2023.01.06-00.22.44:875][272]LogD3D11RHI: CleanupD3DDevice
[2023.01.06-00.22.44:876][272]LogExit: Exiting.
[2023.01.06-00.22.44:884][272]Log file closed, 01/05/23 19:22:44
